<?xml version="1.0" encoding="UTF-8"?>
<testsuite xmlns:xsi="http://www.w3.org/2001/XMLSchema-instance" xsi:noNamespaceSchemaLocation="https://maven.apache.org/surefire/maven-failsafe-plugin/xsd/failsafe-test-report-3.0.xsd" version="3.0" name="starter.CucumberTestSuite" time="11.818" tests="1" errors="0" skipped="0" failures="0">
  <properties>
[...]
</properties>
  <testcase name="GET - As admin I can get one detail product data" classname="User" time="6.37">
    <system-out><![CDATA[17:03:19.549 [main] DEBUG net.thucydides.core.guice.Injectors - Created injector for module net.thucydides.core.guice.ThucydidesModule
17:03:19.986 [main] INFO io.cucumber.core.plugin.SerenityReporter - Running feature from file:///C:/Users/WINDOWS%2011/IdeaProjects/MiniprojectApi/src/test/resources/api/user.feature
17:03:19.986 [main] WARN io.cucumber.core.plugin.SerenityReporter - Feature from file:///C:/Users/WINDOWS%2011/IdeaProjects/MiniprojectApi/src/test/resources/api/user.feature is not under the 'features' directory. Requirements report will not be correctly generated!
17:03:20.222 [main] DEBUG net.thucydides.core.guice.Injectors - Created injector for module net.thucydides.core.guice.webdriver.WebDriverModule
17:03:20.256 [main] INFO  - 

-------------------------------------------------------------------------------------
     _______. _______ .______       _______ .__   __.  __  .___________.____    ____ 
    /       ||   ____||   _  \     |   ____||  \ |  | |  | |           |\   \  /   / 
   |   (----`|  |__   |  |_)  |    |  |__   |   \|  | |  | `---|  |----` \   \/   /  
    \   \    |   __|  |      /     |   __|  |  . `  | |  |     |  |       \_    _/   
.----)   |   |  |____ |  |\  \----.|  |____ |  |\   | |  |     |  |         |  |     
|_______/    |_______|| _| `._____||_______||__| \__| |__|     |__|         |__|    
                                                                                     
 News and tutorials at http://www.serenity-bdd.info                                  
 Documentation at https://wakaleo.gitbooks.io/the-serenity-book/content/             
 Join the Serenity Community on Gitter: https://gitter.im/serenity-bdd/serenity-core 
 Serenity BDD Support and Training at http://serenity-bdd.info/#/trainingandsupport  
-------------------------------------------------------------------------------------

17:03:20.263 [main] DEBUG net.thucydides.core.steps.StepEventBus - Test suite started for story net.thucydides.core.model.Story@5c85af9f
17:03:20.266 [main] INFO  - Test Suite Started: User
17:03:20.316 [main] INFO io.cucumber.core.plugin.SerenityReporter - Running feature from file:///C:/Users/WINDOWS%2011/IdeaProjects/MiniprojectApi/src/test/resources/api/user.feature
17:03:20.316 [main] WARN io.cucumber.core.plugin.SerenityReporter - Feature from file:///C:/Users/WINDOWS%2011/IdeaProjects/MiniprojectApi/src/test/resources/api/user.feature is not under the 'features' directory. Requirements report will not be correctly generated!
17:03:20.319 [main] DEBUG net.thucydides.core.steps.StepEventBus - Test suite started for story net.thucydides.core.model.Story@5c85af9f
17:03:20.319 [main] INFO  - Test Suite Started: User

@TC-005
Scenario: GET - As admin I can get one detail product data &amp#27;[90m# src/test/resources/api/user.feature:21&amp#27;[0m
17:03:20.481 [main] INFO io.cucumber.core.plugin.SerenityReporter - Running feature from file:///C:/Users/WINDOWS%2011/IdeaProjects/MiniprojectApi/src/test/resources/api/user.feature
17:03:20.481 [main] WARN io.cucumber.core.plugin.SerenityReporter - Feature from file:///C:/Users/WINDOWS%2011/IdeaProjects/MiniprojectApi/src/test/resources/api/user.feature is not under the 'features' directory. Requirements report will not be correctly generated!
17:03:20.718 [main] INFO  - 
  _____   ___   ___   _____     ___   _____     _     ___   _____   ___   ___  
 |_   _| | __| / __| |_   _|   / __| |_   _|   /_\   | _ \ |_   _| | __| |   \ 
   | |   | _|  \__ \   | |     \__ \   | |    / _ \  |   /   | |   | _|  | |) |
   |_|   |___| |___/   |_|     |___/   |_|   /_/ \_\ |_|_\   |_|   |___| |___/ 

GET - As admin I can get one detail product data(user;get---as-admin-i-can-get-one-detail-product-data)
--------------------------------------------------------------------------------
17:03:21.656 [main] DEBUG net.thucydides.core.steps.StepInterceptor - STARTING STEP: UserSteps.iSetGETApiEndpointsById - I set the GET api endpoints by Id
17:03:21.656 [main] DEBUG net.thucydides.core.steps.StepInterceptor - STEP DONE: I set the GET api endpoints by Id
  &amp#27;[32mGiven &amp#27;[0m&amp#27;[32mI set GET api endpoints by Id&amp#27;[0m                      &amp#27;[90m# starter.stepdefinitions.UserSteps.iSetGETApiEndpointsById()&amp#27;[0m
17:03:21.670 [main] DEBUG net.thucydides.core.steps.StepInterceptor - STARTING STEP: UserSteps.iSendGETHTTPRequest - I send HTTP GET request
17:03:23.916 [main] DEBUG net.thucydides.core.steps.StepInterceptor - STARTING STEP: GetAllProduct.iSendGETHTTPRequest - I set the GET api endpoints
17:03:23.916 [main] DEBUG net.thucydides.core.steps.StepInterceptor - STEP DONE: I set the GET api endpoints
17:03:25.016 [main] DEBUG org.apache.http.impl.conn.BasicClientConnectionManager - Get connection for route {s}->https://altashop-api.fly.dev:443
17:03:25.236 [main] DEBUG org.apache.http.impl.conn.DefaultClientConnectionOperator - Connecting to altashop-api.fly.dev:443
17:03:25.561 [main] DEBUG org.apache.http.impl.conn.DefaultClientConnection - Connection org.apache.http.impl.conn.DefaultClientConnection@2bd2430f closed
17:03:25.561 [main] INFO org.apache.http.impl.client.DefaultHttpClient - I/O exception (java.net.SocketException) caught when connecting to {s}->https://altashop-api.fly.dev:443: Connection reset by peer
17:03:25.566 [main] DEBUG org.apache.http.impl.client.DefaultHttpClient - Connection reset by peer
java.net.SocketException: Connection reset by peer
	at java.base/sun.nio.ch.NioSocketImpl.implWrite(NioSocketImpl.java:413)
	at java.base/sun.nio.ch.NioSocketImpl.write(NioSocketImpl.java:433)
	at java.base/sun.nio.ch.NioSocketImpl$2.write(NioSocketImpl.java:812)
	at java.base/java.net.Socket$SocketOutputStream.write(Socket.java:1120)
	at java.base/sun.security.ssl.SSLSocketOutputRecord.flush(SSLSocketOutputRecord.java:271)
	at java.base/sun.security.ssl.HandshakeOutStream.flush(HandshakeOutStream.java:89)
	at java.base/sun.security.ssl.ClientHello$ClientHelloKickstartProducer.produce(ClientHello.java:646)
	at java.base/sun.security.ssl.SSLHandshake.kickstart(SSLHandshake.java:529)
	at java.base/sun.security.ssl.ClientHandshakeContext.kickstart(ClientHandshakeContext.java:112)
	at java.base/sun.security.ssl.TransportContext.kickstart(TransportContext.java:251)
	at java.base/sun.security.ssl.SSLSocketImpl.startHandshake(SSLSocketImpl.java:448)
	at java.base/sun.security.ssl.SSLSocketImpl.startHandshake(SSLSocketImpl.java:426)
	at org.apache.http.conn.ssl.SSLSocketFactory.createLayeredSocket(SSLSocketFactory.java:570)
	at org.apache.http.conn.ssl.SSLSocketFactory.connectSocket(SSLSocketFactory.java:554)
	at org.apache.http.conn.ssl.SSLSocketFactory.connectSocket(SSLSocketFactory.java:415)
	at org.apache.http.impl.conn.DefaultClientConnectionOperator.openConnection(DefaultClientConnectionOperator.java:180)
	at org.apache.http.impl.conn.ManagedClientConnectionImpl.open(ManagedClientConnectionImpl.java:326)
	at org.apache.http.impl.client.DefaultRequestDirector.tryConnect(DefaultRequestDirector.java:605)
	at org.apache.http.impl.client.DefaultRequestDirector.execute(DefaultRequestDirector.java:440)
	at org.apache.http.impl.client.AbstractHttpClient.doExecute(AbstractHttpClient.java:835)
	at org.apache.http.impl.client.CloseableHttpClient.execute(CloseableHttpClient.java:83)
	at io.restassured.internal.RestAssuredHttpBuilder.doRequest(RestAssuredHttpBuilder.java:141)
	at io.restassured.internal.http.HTTPBuilder.doRequest(HTTPBuilder.java:496)
	at io.restassured.internal.http.HTTPBuilder.request(HTTPBuilder.java:453)
	at io.restassured.internal.http.HTTPBuilder$request$2.call(Unknown Source)
	at org.codehaus.groovy.runtime.callsite.CallSiteArray.defaultCall(CallSiteArray.java:45)
	at org.codehaus.groovy.runtime.callsite.AbstractCallSite.call(AbstractCallSite.java:125)
	at org.codehaus.groovy.runtime.callsite.AbstractCallSite.call(AbstractCallSite.java:166)
	at io.restassured.internal.RequestSpecificationImpl.sendHttpRequest(RequestSpecificationImpl.groovy:1480)
	at io.restassured.internal.RequestSpecificationImpl.this$2$sendHttpRequest(RequestSpecificationImpl.groovy)
	at java.base/jdk.internal.reflect.DirectMethodHandleAccessor.invoke(DirectMethodHandleAccessor.java:104)
	at java.base/java.lang.reflect.Method.invoke(Method.java:578)
	at org.codehaus.groovy.reflection.CachedMethod.invoke(CachedMethod.java:343)
	at groovy.lang.MetaMethod.doMethodInvoke(MetaMethod.java:328)
	at groovy.lang.MetaClassImpl.doInvokeMethod(MetaClassImpl.java:1348)
	at groovy.lang.MetaClassImpl.invokeMethod(MetaClassImpl.java:1103)
	at groovy.lang.MetaClassImpl.invokeMethod(MetaClassImpl.java:1009)
	at groovy.lang.MetaClassImpl.invokeMethod(MetaClassImpl.java:792)
	at io.restassured.internal.RequestSpecificationImpl.invokeMethod(RequestSpecificationImpl.groovy)
	at org.codehaus.groovy.runtime.callsite.PogoInterceptableSite.call(PogoInterceptableSite.java:46)
	at org.codehaus.groovy.runtime.callsite.PogoInterceptableSite.callCurrent(PogoInterceptableSite.java:57)
	at org.codehaus.groovy.runtime.callsite.CallSiteArray.defaultCallCurrent(CallSiteArray.java:49)
	at org.codehaus.groovy.runtime.callsite.AbstractCallSite.callCurrent(AbstractCallSite.java:171)
	at io.restassured.internal.RequestSpecificationImpl.sendRequest(RequestSpecificationImpl.groovy:1229)
	at io.restassured.internal.RequestSpecificationImpl.this$2$sendRequest(RequestSpecificationImpl.groovy)
	at java.base/jdk.internal.reflect.DirectMethodHandleAccessor.invoke(DirectMethodHandleAccessor.java:104)
	at java.base/java.lang.reflect.Method.invoke(Method.java:578)
	at org.codehaus.groovy.reflection.CachedMethod.invoke(CachedMethod.java:343)
	at groovy.lang.MetaMethod.doMethodInvoke(MetaMethod.java:328)
	at groovy.lang.MetaClassImpl.doInvokeMethod(MetaClassImpl.java:1348)
	at groovy.lang.MetaClassImpl.invokeMethod(MetaClassImpl.java:1103)
	at groovy.lang.MetaClassImpl.invokeMethod(MetaClassImpl.java:1009)
	at groovy.lang.MetaClassImpl.invokeMethod(MetaClassImpl.java:792)
	at io.restassured.internal.RequestSpecificationImpl.invokeMethod(RequestSpecificationImpl.groovy)
	at org.codehaus.groovy.runtime.callsite.PogoInterceptableSite.call(PogoInterceptableSite.java:46)
	at org.codehaus.groovy.runtime.callsite.CallSiteArray.defaultCall(CallSiteArray.java:45)
	at org.codehaus.groovy.runtime.callsite.AbstractCallSite.call(AbstractCallSite.java:125)
	at org.codehaus.groovy.runtime.callsite.AbstractCallSite.call(AbstractCallSite.java:166)
	at io.restassured.internal.filter.SendRequestFilter.filter(SendRequestFilter.groovy:30)
	at io.restassured.filter.Filter$filter$0.call(Unknown Source)
	at org.codehaus.groovy.runtime.callsite.CallSiteArray.defaultCall(CallSiteArray.java:45)
	at io.restassured.filter.Filter$filter.call(Unknown Source)
	at io.restassured.internal.filter.FilterContextImpl.next(FilterContextImpl.groovy:72)
	at io.restassured.filter.time.TimingFilter.filter(TimingFilter.java:56)
	at io.restassured.filter.Filter$filter.call(Unknown Source)
	at org.codehaus.groovy.runtime.callsite.CallSiteArray.defaultCall(CallSiteArray.java:45)
	at io.restassured.filter.Filter$filter$0.call(Unknown Source)
	at io.restassured.internal.filter.FilterContextImpl.next(FilterContextImpl.groovy:72)
	at io.restassured.filter.FilterContext$next.call(Unknown Source)
	at org.codehaus.groovy.runtime.callsite.CallSiteArray.defaultCall(CallSiteArray.java:45)
	at org.codehaus.groovy.runtime.callsite.AbstractCallSite.call(AbstractCallSite.java:125)
	at org.codehaus.groovy.runtime.callsite.AbstractCallSite.call(AbstractCallSite.java:148)
	at io.restassured.internal.filter.CsrfFilter.filter(CsrfFilter.groovy:72)
	at io.restassured.filter.Filter$filter$0.call(Unknown Source)
	at org.codehaus.groovy.runtime.callsite.CallSiteArray.defaultCall(CallSiteArray.java:45)
	at io.restassured.filter.Filter$filter.call(Unknown Source)
	at io.restassured.internal.filter.FilterContextImpl.next(FilterContextImpl.groovy:72)
	at io.restassured.filter.log.RequestLoggingFilter.filter(RequestLoggingFilter.java:146)
	at net.serenitybdd.rest.filters.FieldsRecordingFilter.filter(FieldsRecordingFilter.java:40)
	at io.restassured.filter.Filter$filter.call(Unknown Source)
	at io.restassured.internal.filter.FilterContextImpl.next(FilterContextImpl.groovy:72)
	at io.restassured.filter.log.RequestLoggingFilter.filter(RequestLoggingFilter.java:146)
	at net.serenitybdd.rest.filters.FieldsRecordingFilter.filter(FieldsRecordingFilter.java:40)
	at io.restassured.filter.Filter$filter.call(Unknown Source)
	at io.restassured.internal.filter.FilterContextImpl.next(FilterContextImpl.groovy:72)
	at io.restassured.filter.log.RequestLoggingFilter.filter(RequestLoggingFilter.java:146)
	at net.serenitybdd.rest.filters.FieldsRecordingFilter.filter(FieldsRecordingFilter.java:40)
	at io.restassured.filter.Filter$filter.call(Unknown Source)
	at io.restassured.internal.filter.FilterContextImpl.next(FilterContextImpl.groovy:72)
	at io.restassured.filter.log.RequestLoggingFilter.filter(RequestLoggingFilter.java:146)
	at net.serenitybdd.rest.filters.FieldsRecordingFilter.filter(FieldsRecordingFilter.java:40)
	at io.restassured.filter.Filter$filter.call(Unknown Source)
	at io.restassured.internal.filter.FilterContextImpl.next(FilterContextImpl.groovy:72)
	at io.restassured.filter.log.RequestLoggingFilter.filter(RequestLoggingFilter.java:146)
	at net.serenitybdd.rest.filters.FieldsRecordingFilter.filter(FieldsRecordingFilter.java:40)
	at io.restassured.filter.Filter$filter.call(Unknown Source)
	at io.restassured.internal.filter.FilterContextImpl.next(FilterContextImpl.groovy:72)
	at io.restassured.filter.log.RequestLoggingFilter.filter(RequestLoggingFilter.java:146)
	at net.serenitybdd.rest.filters.FieldsRecordingFilter.filter(FieldsRecordingFilter.java:40)
	at io.restassured.filter.Filter$filter.call(Unknown Source)
	at org.codehaus.groovy.runtime.callsite.CallSiteArray.defaultCall(CallSiteArray.java:45)
	at org.codehaus.groovy.runtime.callsite.AbstractCallSite.call(AbstractCallSite.java:125)
	at org.codehaus.groovy.runtime.callsite.AbstractCallSite.call(AbstractCallSite.java:157)
	at io.restassured.internal.filter.FilterContextImpl.next(FilterContextImpl.groovy:72)
	at io.restassured.filter.FilterContext$next.call(Unknown Source)
	at org.codehaus.groovy.runtime.callsite.CallSiteArray.defaultCall(CallSiteArray.java:45)
	at org.codehaus.groovy.runtime.callsite.AbstractCallSite.call(AbstractCallSite.java:125)
	at org.codehaus.groovy.runtime.callsite.AbstractCallSite.call(AbstractCallSite.java:148)
	at io.restassured.internal.RequestSpecificationImpl.applyPathParamsAndSendRequest(RequestSpecificationImpl.groovy:1704)
	at io.restassured.internal.RequestSpecificationImpl.this$2$applyPathParamsAndSendRequest(RequestSpecificationImpl.groovy)
	at java.base/jdk.internal.reflect.DirectMethodHandleAccessor.invoke(DirectMethodHandleAccessor.java:104)
	at java.base/java.lang.reflect.Method.invoke(Method.java:578)
	at org.codehaus.groovy.reflection.CachedMethod.invoke(CachedMethod.java:343)
	at groovy.lang.MetaMethod.doMethodInvoke(MetaMethod.java:328)
	at groovy.lang.MetaClassImpl.doInvokeMethod(MetaClassImpl.java:1348)
	at groovy.lang.MetaClassImpl.invokeMethod(MetaClassImpl.java:1103)
	at groovy.lang.MetaClassImpl.invokeMethod(MetaClassImpl.java:1009)
	at groovy.lang.MetaClassImpl.invokeMethod(MetaClassImpl.java:792)
	at io.restassured.internal.RequestSpecificationImpl.invokeMethod(RequestSpecificationImpl.groovy)
	at org.codehaus.groovy.runtime.callsite.PogoInterceptableSite.call(PogoInterceptableSite.java:46)
	at org.codehaus.groovy.runtime.callsite.PogoInterceptableSite.callCurrent(PogoInterceptableSite.java:57)
	at org.codehaus.groovy.runtime.callsite.CallSiteArray.defaultCallCurrent(CallSiteArray.java:49)
	at org.codehaus.groovy.runtime.callsite.AbstractCallSite.callCurrent(AbstractCallSite.java:171)
	at org.codehaus.groovy.runtime.callsite.AbstractCallSite.callCurrent(AbstractCallSite.java:203)
	at io.restassured.internal.RequestSpecificationImpl.applyPathParamsAndSendRequest(RequestSpecificationImpl.groovy:1710)
	at io.restassured.internal.RequestSpecificationImpl.this$2$applyPathParamsAndSendRequest(RequestSpecificationImpl.groovy)
	at java.base/jdk.internal.reflect.DirectMethodHandleAccessor.invoke(DirectMethodHandleAccessor.java:104)
	at java.base/java.lang.reflect.Method.invoke(Method.java:578)
	at org.codehaus.groovy.reflection.CachedMethod.invoke(CachedMethod.java:343)
	at groovy.lang.MetaMethod.doMethodInvoke(MetaMethod.java:328)
	at groovy.lang.MetaClassImpl.doInvokeMethod(MetaClassImpl.java:1348)
	at groovy.lang.MetaClassImpl.invokeMethod(MetaClassImpl.java:1103)
	at groovy.lang.MetaClassImpl.invokeMethod(MetaClassImpl.java:1009)
	at groovy.lang.MetaClassImpl.invokeMethod(MetaClassImpl.java:792)
	at io.restassured.internal.RequestSpecificationImpl.invokeMethod(RequestSpecificationImpl.groovy)
	at org.codehaus.groovy.runtime.callsite.PogoInterceptableSite.call(PogoInterceptableSite.java:46)
	at org.codehaus.groovy.runtime.callsite.PogoInterceptableSite.callCurrent(PogoInterceptableSite.java:57)
	at org.codehaus.groovy.runtime.callsite.CallSiteArray.defaultCallCurrent(CallSiteArray.java:49)
	at org.codehaus.groovy.runtime.callsite.AbstractCallSite.callCurrent(AbstractCallSite.java:171)
	at org.codehaus.groovy.runtime.callsite.AbstractCallSite.callCurrent(AbstractCallSite.java:203)
	at io.restassured.internal.RequestSpecificationImpl.get(RequestSpecificationImpl.groovy:172)
	at net.serenitybdd.rest.decorators.request.RequestSpecificationDecorated.executeCall(RequestSpecificationDecorated.java:311)
	at net.serenitybdd.rest.decorators.request.RequestSpecificationDecorated.execute(RequestSpecificationDecorated.java:268)
	at net.serenitybdd.rest.decorators.request.RequestSpecificationDecorated.get(RequestSpecificationDecorated.java:67)
	at net.serenitybdd.rest.decorators.request.RequestSpecificationDecorated.get(RequestSpecificationDecorated.java:38)
	at MiniprojectApi@1.0-SNAPSHOT/starter.user.GetAllProduct.iSendGETHTTPRequest(GetAllProduct.java:18)
	at MiniprojectApi@1.0-SNAPSHOT/starter.user.GetAllProduct$ByteBuddy$LIsjY308.iSendGETHTTPRequest$accessor$DliAobRx(Unknown Source)
	at java.base/jdk.internal.reflect.DirectMethodHandleAccessor.invoke(DirectMethodHandleAccessor.java:104)
	at java.base/java.lang.reflect.Method.invoke(Method.java:578)
	at net.thucydides.core.steps.StepInterceptor.invokeMethod(StepInterceptor.java:503)
	at net.thucydides.core.steps.StepInterceptor.executeTestStepMethod(StepInterceptor.java:483)
	at net.thucydides.core.steps.StepInterceptor.runTestStep(StepInterceptor.java:457)
	at net.thucydides.core.steps.StepInterceptor.runOrSkipMethod(StepInterceptor.java:209)
	at net.thucydides.core.steps.StepInterceptor.testStepResult(StepInterceptor.java:196)
	at net.thucydides.core.steps.StepInterceptor.intercept(StepInterceptor.java:84)
	at net.thucydides.core.steps.ProxyConfiguration$InterceptorDispatcher.intercept(ProxyConfiguration.java:51)
	at MiniprojectApi@1.0-SNAPSHOT/starter.user.GetAllProduct$ByteBuddy$LIsjY308.iSendGETHTTPRequest(Unknown Source)
	at MiniprojectApi@1.0-SNAPSHOT/starter.stepdefinitions.UserSteps.iSendGETHTTPRequest(UserSteps.java:20)
	at java.base/jdk.internal.reflect.DirectMethodHandleAccessor.invoke(DirectMethodHandleAccessor.java:104)
	at java.base/java.lang.reflect.Method.invoke(Method.java:578)
	at io.cucumber.java.Invoker.doInvoke(Invoker.java:66)
	at io.cucumber.java.Invoker.invoke(Invoker.java:24)
	at io.cucumber.java.AbstractGlueDefinition.invokeMethod(AbstractGlueDefinition.java:47)
	at io.cucumber.java.JavaStepDefinition.execute(JavaStepDefinition.java:29)
	at io.cucumber.core.runner.CoreStepDefinition.execute(CoreStepDefinition.java:66)
	at io.cucumber.core.runner.PickleStepDefinitionMatch.runStep(PickleStepDefinitionMatch.java:63)
	at io.cucumber.core.runner.ExecutionMode$1.execute(ExecutionMode.java:10)
	at io.cucumber.core.runner.TestStep.executeStep(TestStep.java:85)
	at io.cucumber.core.runner.TestStep.run(TestStep.java:57)
	at io.cucumber.core.runner.PickleStepTestStep.run(PickleStepTestStep.java:51)
	at io.cucumber.core.runner.TestCase.run(TestCase.java:84)
	at io.cucumber.core.runner.Runner.runPickle(Runner.java:75)
	at io.cucumber.junit.PickleRunners$NoStepDescriptions.lambda$run$0(PickleRunners.java:151)
	at io.cucumber.core.runtime.CucumberExecutionContext.lambda$runTestCase$5(CucumberExecutionContext.java:129)
	at io.cucumber.core.runtime.RethrowingThrowableCollector.executeAndThrow(RethrowingThrowableCollector.java:23)
	at io.cucumber.core.runtime.CucumberExecutionContext.runTestCase(CucumberExecutionContext.java:129)
	at io.cucumber.junit.PickleRunners$NoStepDescriptions.run(PickleRunners.java:148)
	at io.cucumber.junit.FeatureRunner.runChild(FeatureRunner.java:144)
	at io.cucumber.junit.FeatureRunner.runChild(FeatureRunner.java:28)
	at org.junit.runners.ParentRunner$4.run(ParentRunner.java:331)
	at org.junit.runners.ParentRunner$1.schedule(ParentRunner.java:79)
	at org.junit.runners.ParentRunner.runChildren(ParentRunner.java:329)
	at org.junit.runners.ParentRunner.access$100(ParentRunner.java:66)
	at org.junit.runners.ParentRunner$2.evaluate(ParentRunner.java:293)
	at org.junit.runners.ParentRunner$3.evaluate(ParentRunner.java:306)
	at org.junit.runners.ParentRunner.run(ParentRunner.java:413)
	at io.cucumber.junit.FeatureRunner.run(FeatureRunner.java:137)
	at io.cucumber.junit.CucumberSerenityRunner.runChild(CucumberSerenityRunner.java:259)
	at io.cucumber.junit.CucumberSerenityRunner.runChild(CucumberSerenityRunner.java:59)
	at org.junit.runners.ParentRunner$4.run(ParentRunner.java:331)
	at org.junit.runners.ParentRunner$1.schedule(ParentRunner.java:79)
	at org.junit.runners.ParentRunner.runChildren(ParentRunner.java:329)
	at org.junit.runners.ParentRunner.access$100(ParentRunner.java:66)
	at org.junit.runners.ParentRunner$2.evaluate(ParentRunner.java:293)
	at io.cucumber.junit.CucumberSerenityRunner$RunCucumber.evaluate(CucumberSerenityRunner.java:288)
	at org.junit.runners.ParentRunner$3.evaluate(ParentRunner.java:306)
	at org.junit.runners.ParentRunner.run(ParentRunner.java:413)
	at org.junit.runner.JUnitCore.run(JUnitCore.java:137)
	at org.junit.runner.JUnitCore.run(JUnitCore.java:115)
	at org.junit.vintage.engine.execution.RunnerExecutor.execute(RunnerExecutor.java:42)
	at org.junit.vintage.engine.VintageTestEngine.executeAllChildren(VintageTestEngine.java:80)
	at org.junit.vintage.engine.VintageTestEngine.execute(VintageTestEngine.java:72)
	at org.junit.platform.launcher.core.EngineExecutionOrchestrator.execute(EngineExecutionOrchestrator.java:107)
	at org.junit.platform.launcher.core.EngineExecutionOrchestrator.execute(EngineExecutionOrchestrator.java:88)
	at org.junit.platform.launcher.core.EngineExecutionOrchestrator.lambda$execute$0(EngineExecutionOrchestrator.java:54)
	at org.junit.platform.launcher.core.EngineExecutionOrchestrator.withInterceptedStreams(EngineExecutionOrchestrator.java:67)
	at org.junit.platform.launcher.core.EngineExecutionOrchestrator.execute(EngineExecutionOrchestrator.java:52)
	at org.junit.platform.launcher.core.DefaultLauncher.execute(DefaultLauncher.java:114)
	at org.junit.platform.launcher.core.DefaultLauncher.execute(DefaultLauncher.java:86)
	at org.junit.platform.launcher.core.DefaultLauncherSession$DelegatingLauncher.execute(DefaultLauncherSession.java:86)
	at org.junit.platform.launcher.core.SessionPerRequestLauncher.execute(SessionPerRequestLauncher.java:53)
	at org.apache.maven.surefire.junitplatform.JUnitPlatformProvider.execute(JUnitPlatformProvider.java:188)
	at org.apache.maven.surefire.junitplatform.JUnitPlatformProvider.invokeAllTests(JUnitPlatformProvider.java:154)
	at org.apache.maven.surefire.junitplatform.JUnitPlatformProvider.invoke(JUnitPlatformProvider.java:128)
	at org.apache.maven.surefire.booter.ForkedBooter.runSuitesInProcess(ForkedBooter.java:428)
	at org.apache.maven.surefire.booter.ForkedBooter.execute(ForkedBooter.java:162)
	at org.apache.maven.surefire.booter.ForkedBooter.run(ForkedBooter.java:562)
	at org.apache.maven.surefire.booter.ForkedBooter.main(ForkedBooter.java:548)
17:03:25.569 [main] INFO org.apache.http.impl.client.DefaultHttpClient - Retrying connect to {s}->https://altashop-api.fly.dev:443
17:03:25.569 [main] DEBUG org.apache.http.impl.conn.DefaultClientConnectionOperator - Connecting to altashop-api.fly.dev:443
17:03:25.766 [main] DEBUG org.apache.http.client.protocol.RequestAddCookies - CookieSpec selected: ignoreCookies
17:03:25.766 [main] DEBUG org.apache.http.client.protocol.RequestAuthCache - Auth cache not set in the context
17:03:25.766 [main] DEBUG org.apache.http.client.protocol.RequestTargetAuthentication - Target auth state: UNCHALLENGED
17:03:25.766 [main] DEBUG org.apache.http.client.protocol.RequestProxyAuthentication - Proxy auth state: UNCHALLENGED
17:03:25.766 [main] DEBUG org.apache.http.impl.client.DefaultHttpClient - Attempt 1 to execute request
17:03:25.766 [main] DEBUG org.apache.http.impl.conn.DefaultClientConnection - Sending request: GET /api/products HTTP/1.1
17:03:25.766 [main] DEBUG org.apache.http.wire -  >> "GET /api/products HTTP/1.1[\r][\n]"
17:03:25.766 [main] DEBUG org.apache.http.wire -  >> "Accept: */*[\r][\n]"
17:03:25.766 [main] DEBUG org.apache.http.wire -  >> "Host: altashop-api.fly.dev[\r][\n]"
17:03:25.766 [main] DEBUG org.apache.http.wire -  >> "Connection: Keep-Alive[\r][\n]"
17:03:25.766 [main] DEBUG org.apache.http.wire -  >> "User-Agent: Apache-HttpClient/4.5.13 (Java/19)[\r][\n]"
17:03:25.766 [main] DEBUG org.apache.http.wire -  >> "Accept-Encoding: gzip,deflate[\r][\n]"
17:03:25.766 [main] DEBUG org.apache.http.wire -  >> "[\r][\n]"
17:03:25.766 [main] DEBUG org.apache.http.headers - >> GET /api/products HTTP/1.1
17:03:25.766 [main] DEBUG org.apache.http.headers - >> Accept: */*
17:03:25.766 [main] DEBUG org.apache.http.headers - >> Host: altashop-api.fly.dev
17:03:25.772 [main] DEBUG org.apache.http.headers - >> Connection: Keep-Alive
17:03:25.772 [main] DEBUG org.apache.http.headers - >> User-Agent: Apache-HttpClient/4.5.13 (Java/19)
17:03:25.772 [main] DEBUG org.apache.http.headers - >> Accept-Encoding: gzip,deflate
17:03:26.186 [main] DEBUG org.apache.http.wire -  << "HTTP/1.1 200 OK[\r][\n]"
17:03:26.191 [main] DEBUG org.apache.http.wire -  << "content-type: application/json[\r][\n]"
17:03:26.191 [main] DEBUG org.apache.http.wire -  << "date: Wed, 10 May 2023 10:03:26 GMT[\r][\n]"
17:03:26.191 [main] DEBUG org.apache.http.wire -  << "transfer-encoding: chunked[\r][\n]"
17:03:26.191 [main] DEBUG org.apache.http.wire -  << "content-encoding: gzip[\r][\n]"
17:03:26.191 [main] DEBUG org.apache.http.wire -  << "server: Fly/3f2597ca (2023-05-03)[\r][\n]"
17:03:26.191 [main] DEBUG org.apache.http.wire -  << "via: 1.1 fly.io[\r][\n]"
17:03:26.191 [main] DEBUG org.apache.http.wire -  << "fly-request-id: 01H02HV68BYWRS7ZQX7HKQ0ART-sin[\r][\n]"
17:03:26.191 [main] DEBUG org.apache.http.wire -  << "[\r][\n]"
17:03:26.191 [main] DEBUG org.apache.http.impl.conn.DefaultClientConnection - Receiving response: HTTP/1.1 200 OK
17:03:26.191 [main] DEBUG org.apache.http.headers - << HTTP/1.1 200 OK
17:03:26.191 [main] DEBUG org.apache.http.headers - << content-type: application/json
17:03:26.191 [main] DEBUG org.apache.http.headers - << date: Wed, 10 May 2023 10:03:26 GMT
17:03:26.191 [main] DEBUG org.apache.http.headers - << transfer-encoding: chunked
17:03:26.191 [main] DEBUG org.apache.http.headers - << content-encoding: gzip
17:03:26.191 [main] DEBUG org.apache.http.headers - << server: Fly/3f2597ca (2023-05-03)
17:03:26.191 [main] DEBUG org.apache.http.headers - << via: 1.1 fly.io
17:03:26.191 [main] DEBUG org.apache.http.headers - << fly-request-id: 01H02HV68BYWRS7ZQX7HKQ0ART-sin
17:03:26.199 [main] DEBUG org.apache.http.impl.client.DefaultHttpClient - Connection can be kept alive indefinitely
17:03:26.207 [main] DEBUG io.restassured.internal.RestAssuredHttpBuilder - Parsing response as: application/json
17:03:26.207 [main] DEBUG org.apache.http.wire -  << "5DD[\r][\n]"
17:03:26.207 [main] DEBUG org.apache.http.wire -  << "[0x1f][0x8b][0x8][0x0][0x0][0x0][0x0][0x0][0x4][0xff][0xaa]VJI,IT[0xb2][0x8a][0xae]V[0xf2]tQ[0xb2]241[0xb1]0[0xd6]Q[0xf2]K[0xcc]MU[0xb2]R[0xf2],[0xc8][0xc8][0xcf]KU04T03QHOR[0xd2]QrI-N.[0xca],([0xc9][0xcc][0xcf]S[0xb2]R*[0xc8]I[0xac]T[0xc8]H,V[0xc8][0xcb]W[0xc8][0xc9][0xcc][0xcd],)V[0xd2]Q[\n]"
17:03:26.207 [main] DEBUG org.apache.http.wire -  << "([0xca]LNU[0xb2]2[0xb2][0xb4][0xd4]Q[\n]"
17:03:26.207 [main] DEBUG org.apache.http.wire -  << "J,[0xc9][0xcc]K/V[0xb2]2[0xd2]QrN,IM[0xcf]/[0xca]L-F[0xd8]fdjb[0x8][0xb7][0xcd]=173/[0x1d][0xc3][0x12][0xb7][0xfc]"[0x85]t[0xb0][0x94]BAiQA~qj[0xb1]Rml[0xad][0xe][0xc2][0xc1][0x16]p#[0xdc]J[0x8b][0xf2]2KJ[0x8b]R[0x15]B[0xf2][0xb]0M[0x82][0xcb][0xa6]$[0x16]e*x[0xa5][0x16]$[0x16]%"\lh[0x82][0xec]b[0x13]4[0x17][0xa3][0xd8]h[\n]"
17:03:26.207 [main] DEBUG org.apache.http.wire -  << "[0xb7]18?[0xaf]R! [0xd8][0x10][0xc3]2[0x84][0xb9][0x6]H[0xe1]`[0x80]f*[0xd4][0x13][0xd4][0x9][0x7]3[0xb8][0xab][0xa8][0x18][0xe][0xc6]h.F[0xe][0x7]KD[0xe4][0xb9][0x84][0xb9]([0xf8][0x96][0xa6][0xa7][0xe6])[0x84][0x14]%f[0xe6][0xe1][0x9][0xe]C#[0x3][0x3][0x3][0xe4]0[0xc1][0x17][0xd2][0x96]Fp?%[0xe6]%f+$V&[0xe6]b[0x98]]\Z\[0xaa][0x0][0x92]F[0x84][0xb9]%J[0xea]C[0xf]u[0x14]?[0x98][0xc3]m[0x88]p[0xf2][0x8f][0xc0][0x8c]HD[0xfa]C[0x18]o[0x82]b<z[0x10]Q3RA[0x16]As#v[0xe7][0xe1]r[0x14][0xba][0x9f][0xa9][0xe8](SP[0xf4]A[0x1d]E[0x9b]x75@[0xa4],P[0xc4]R?[0xde]M[\r]h[0x9d][0xb2]L-[0x10][0xe5][0x92]SQbrjNj[0x9]F[0xd2][0xf5]MLIU[0xc8]OS[0xc8][0xc8]L[0xcf]P(,M[0xcc][0xc9],[0xa9]T(HM,[0xca]A.J[0x8d][0x88][0xcc].f[0xe6][0x6][0xf0][0xc4]LM+[0xd1][0xd3][0x12]R[0xfe]13GT[0x17][0x14][0xa4][0x5][0xbc]6[0x98][0xc0]=[0x15]TZ\[0x92][0x99][0xac][0x10][0x90]X[0x90]Z[0xa4][0xe0][0x9e][0x93]_[0x96][\n]"
17:03:26.207 [main] DEBUG org.apache.http.wire -  << "[\n]"
17:03:26.207 [main] DEBUG org.apache.http.wire -  << "&[0xd4]J)[0xb0]4?E[0xa1][0xb0]4S!/[0xb1][0xa4][0xb4][0x18][0xc4]J*-NI[0xcc]UH-[0xd1]Cd[0x16]CP[0x1a][0x86]WOx[0xad]G[0x14][0xf6][0x9e]y%[0xa9]99[0x99][0xe9][0xa9]y%[\n]"
17:03:26.207 [main] DEBUG org.apache.http.wire -  << "[0xe1][0xf9][0xf9]9[\n]"
17:03:26.207 [main] DEBUG org.apache.http.wire -  << "[0x1e][0x89][0x98]Q[0xea][0x97]Z[0x9c][0x9c]Y[0x9a]W[0xa2][0x90][\n]"
17:03:26.207 [main] DEBUG org.apache.http.wire -  << "V[0x99][0x92][0xa9][0x90][0x92][0x99]\[0x92][0xa8][0x90][0x97][0x9f][0x94]Y[0xac][0x90]\[0x9a][0xab][0x90]Z\[0xa2][0x90]Z\[0x9c]J[0x9e]s[0x10][0xa5]<[0xb4][0xee]1U[0x8][0xce][0xc9][0xc4],[0x15][0x89][0xaf][0x9c][0xf1][0xfa][0x1e]Q<[0x6][0x4]+[0x98]b$[0xe0][0xf4][0xc4][0xdc]T[0x5]S[0x85][0xe2][0x92][0xc4]"D[0xe0][0xa2][0x16][0x8f]x[0x8d]G[0xe4][0x91][0x80][0xa2][0xc4][0xe4][0x92][0xcc][0xe4][0xc4][0x1c][0x85][0xe0][0xcc][0x9c]l[0x5][0xef][0xbc][0xcc][0xb4]T[0xc][0xeb][0x1c]S2[0xb]2[0x8b][0x93]3[0x15]2S[0x14]Jsr[0x12]s[0x91][0xc2][0xd0][0x88][0xf8]([0xb5][0x84][0xa7][0xa8]AS[0xa8][0x9a]Y [\n]"
17:03:26.207 [main] DEBUG org.apache.http.wire -  << "[0xa4][0x80][0xa2][0xfc][0x94][0xd2][0xe4][0x12][0x5][0xc7][0xd2][0x9c][0xcc]D[0x5]c[0x8c]P[0xc8][0xcc][0xcb]T([0x80][0xaa]I[0x84][0xab][0x81]6[0xbc][0x90][0xcb][\n]"
17:03:26.207 [main] DEBUG org.apache.http.wire -  << "|A[0x8f][0xd4][0xce][0xcb][0xce],H,VH[0xcc]K[0xc7]Rq[0xe7][0xa6][0xe6][0xa5][0xa7][0xe6][0x94]&[0x16]e'[0xe6]A[0x94]([0x14]'[0xe6][0xa5]'[0x96](d[0xa7][0xe6]%'[0x82][0x1b]lP[0x9b][0xf1][0xe7])*V@[0xe6]f[0x88]T[0x19][0x9c][0x93][0x9a][0x9a][0xad][0x10][0x90][0x93][0x8].[0x19][0x9c][0xc1][0xc9][0x10][0xb5]@[0x0]%'[0xa4][0xb4]in`[0x86][0xa7]A[0x86]T[0xb4][0x99][0x9b]![0x92][0x89]k^~Qn~i[0xb1][0x82]s~^rQjI[0xaa]Bxb[0xe][0xb6][0x2]=[0xa8]4))[0x15])+X[0x9a][0x1a][0x9a][0x10]i[0x9d]9r[0x2][0x80][0xe7][0x85][0x92][0xd4][0xd4][0x1c][0x5][0xe7][0x8c][0xc4]L[0x90][0xa1][0xa8][0x1e]sLQHMT[0xc8]K[0xcd][0xcd]W([0xcb][0xcf])-(I,IE[0xce][0x10][0xa6][0x86][0xc4][0xda][0x8c](aiS[0x86][0x9b][0x9b]#[\n]"
17:03:26.207 [main] DEBUG org.apache.http.wire -  << "Q[0x8f][0x2][0x85][0xb0][0xcc][0xb2]|[0x85]H##[0x8c][0x84][0x9d][0x9b][0x9a][0x9b][0x99][0x93][0x99][0x9d][0xa9]P\[0x90]Z[0x9c][0x99][0x96][0x99][0x9d]X[0x9c][0xa9]P[0x99][0x98][0x97][0xae][0x90]X[0x90][0x99][0x8d][0x88]DcP[0x13][0x92][0xd8][0xec]nn[0x8e](2[0x87]\J7G[0xa4]t[0xfa][0x7][0x9c][0x5]"][0x4][0xe7]&[0xe6][0xe4](8[0xe6][0x94][0xe6]f[0xe6][0x95][0xe6]*8[0xe7][0xe4]'[0x83][0xe2][0x3]-A[0x96][0x96]([0xe4]e[0x16]g"%G[0x85][0xa2][0xd4][0x82][0xd4][0x9c][0x9c][0xc4][0x12][0x85][0xd4][0x12][0x85][0xfc][0xdc][0xbc][0xcc]b[0x10][0x3]&[0x88]\z[0x1b][0x13][0x99]X-[0x10]I[0x9][0x9e]+[0x11][0xee][0xc2][0x9a]Q[0xc2]Rs2K[0x14]2[0xf3][0xca]R[0xf3]J[0xf2][0x8b]R[0x15]R[0xf2]s[0xf2][0x8b]R[0x8b][0x91]l7[0xb3] [0xd6]vDZ[0x1a][0x80][0xf8]@$[0x6]X[0xdd][0x8f][0x91][0x85][0xa8]R[0xed][0x9b][ [0x8a]>H[0xcc][0xc3][\n]"
17:03:26.207 [main] DEBUG org.apache.http.wire -  << "X[0xef][0xd4][0xca][0xa4][0xfc][0xc4][0xa2][0x14][0xc]{=[0x8b][0xf2]A[0xbd]>hU`ifLd[0xe1]ca[0x88]h@[0xc2]<E[0xc3][0x6][0x8d][0x5][0xa8]8[0x86][0xf6]][0xe8]a[0x1d][0xa8][0xe9][0x8e]f[0x1d]F[0xd0]Q%[0xca],[0x8c][0xe9][0x95]8,L[0x10][0xbd][0xc]X[0x10][0xd2][0xc8]OH[0xa3]C[0xb4][0xb6][0x9]Q[0xf9][0xba]%[0xe6][0x95]@Z[0x13][0xbe][0x89]EI9[0xa9][0xb8]:[0x1a]a[0x90]:[0xb7]X!9[0xbf][0xa8][0xa8][0xb4][0xa0]$S!/[0xbf][0xb8][0xa4][0xa8]4[0x17]T[0xe6][0x15][0xa5]f[0xa4][0xe6][0xa5][0xa4][0x16]e[0x96]([0xe4]$&[0xe5][0x17]!7[0xf6]-[0x88][0xcd][0x1a]&H[0xe5]/d[0x9c][0x9][0xb3][0x1]N[0x9d][0xc4]c[0x82](Ti[0x1d][0xd0][0x88][0x2][0xd4][0xb5](=?/?73Y[0xc1]'5[0xb1]$#[0xb5][0x8]W[0xa3][0xca][0xb5]D[0xa1](5[0xb9][0xb4]81/%1U!9?[0xaf]8[0xb5][0xb0]4[0xb1][0xa4][0xb4]H!5[0xb3][0xb4]X!%[0xb3][0xb8]$3/[0xb9]$3_![0xb1][0x14][0xb9][0x93][0x7][0xaa][0xbf][0x88][0xe9][0xe3]Y[0x98] [0xe5][0x1d]p{[0x12]Q[0xa1][0xe4][0xe7][0x16][0x94][0x96][0x80][t[0xa8]u[0x9d][0xb][0xa8][0xe][0xc9]L*-V(NMA[0xf4][0xf5]@[0x1d][0xcf][0xa4][0x9c][0xc4][0xbc][0x94][0xcc][0x92]Lp][0x87]T[0xc9][0x80]r(q[0xce]A*}i[0x1b][0xef][0xa6]t[0xcb][0xca][0xa0][0xc6](}[\n]"
17:03:26.207 [main] DEBUG org.apache.http.wire -  << "BS[0xcc][\n]"
17:03:26.207 [main] DEBUG org.apache.http.wire -  << "[0x5]w[0xf1][0x84][0xd8][0x1a][0xbd][0xff]D[0xc5]>[0x8c][0x85])[0xdd]2[0xb7])[0xdd]2[0xb7])R>"[0x98]p[0x7]0[0xe8][0x11][0xa3][0xe]4.[0xed][0xcc][0xe9]d[0x93][0xb1]1Rg[0xb5]$[0x15]T[0x1e][0xa6][0xc3][0x86][0x8]0[0x12]IFf[0xb1]Bf[0xb1]BIF*L[0x8d]B[\n]"
17:03:26.207 [main] DEBUG org.apache.http.wire -  << "[0xd2][0xc4][0xe]|[0xe][0x7]y([0x1]y[0x90][0x1b][0x0][0x0][0x0][0xff][0xff]"
17:03:26.207 [main] DEBUG org.apache.http.wire -  << "[\r][\n]"
17:03:26.207 [main] DEBUG org.apache.http.wire -  << "41E[\r][\n]"
17:03:26.207 [main] DEBUG org.apache.http.wire -  << "[0x2][0xcd][0xe0] :[0xca][0xc6][0xc6][0xe6][0x88][0xd1]Z[0xaa][0xd9]m[0x8][0xea][0xe2]!5[0xca]Mq[0xce]C[0x18][0x1b]#[0xf5][0x9c][0xa9]j?[0xb1][0xd6]#r2U[0xad]G[0xe]~[0xbc][0xde]G[0xe4]:[0x9a][0xd9][0x8f]^[0x12][0xa2]D?"[0x91][0xd3][0xcc]~[0xdc][0x93]D[0xc6][0xc6][0xe6][0x88][0xea][0x92]f[0xf6][0xe3][0xf3][0xbf][0x5][0xa2][0x12][0xa5][0x99][0xfd][0xf8][0xb2][0x1f][0xd2][0xc8]![0xcd][0xec][0xc7][0xeb]D[0x85];0[0xf6]#[0xf2][0x9f]G[0x80]BnfI>F[0x91][0x7]n%[0x97][0xa4][0x16]%%"[0xf]#[0x99][0x82][0xc6][0x11][0x89]h[0x91][0x19][0x1b][ [0xb2][0x18]i#[0xc6][0xe8][0xf9][0x96]z-[0x8]cc[0xe4]N:[0xc1][0xda][0x96][0xe0][0x14]=[0xbe][0x14]f[0x89][0x88]arg[0x1][0xf0]e`KD[0x4]Rq[0xe6][0x1a]O[0x92]5[0x1][0x8d][0x1d][0xd2][0xa3]5jl[0x82]4[0x93]I/[0xbf]!"[0x8b][0xa6][0xad][0x1b]c[0x13][0x3]D[0xbc]!fo[0xc2][0xf3][0xf3]SR[0xf3]p[0xcd][0xdf][0xe4]d&[0x16]+[0xa4][0x95][0xa6]'*[0xa0][0xf4][0xd4][0xf0]O[0x1d] U6&[0x6][0x88][0x9c]H[0xbd][0xe5])x[0x93][\n]"
17:03:26.207 [main] DEBUG org.apache.http.wire -  << "[0xa2]v[0x81]YhD[0xf1]z[0x18]|[0x16][0x1a]"[0xaa][0x13][0x98][0x85][0x94]/[0xc0][0xc1]k![0xa2][0xf9]F'[0xb]1:$[0xe6][0xd8]Kl[0xa2][0xd6][0x16][0xe1][0xf5][0x1a]"[0xb5][0x4]$[0xe6]$[0xfa][0xe4][0xfb][0x80][0x16][0xfc][0xa0][0xf6][0xe4][0xc1]u[0x3][0xc8]&,[0x1d][0x12]c[0xe4]Qi<E[0x98][0x89]![0xa2][\r]Dn[0x9][0x89][0xd7][0x1f][0x88]DH[0xb][0xe3][0x91]F)[0xe9][0xb3]n[0xc0][0xd8][0xc4][0x8][0x91][0xe8]h[0xe2]#[0xc4]x[0x1e]M[0x8c]G[0x94][0xb1]t[0xb]0DaK7+[0x11][0xf9][0x94][0x9a]V[0xe2][0xcb]GF[0x88][0xe1]AjZ[0x89]/o[0x19]![0xca][0x8][0x1a][0xd7][0x97]F[0x88]\L[0xa3][0x86][0xaa][0x89]1[0xa2][0xf2][0xa0]e[0xf8][0xc1][0x9a][0xb1][0x16][0x86][0x88]$[0xe2][0x98][0x9c][0x9c]Z\[0xc]Y[0xe1][0x89][0xbe]R[0xb4]$_!5/#1/9U![0xb1][0x0][0xb4][0xbe][0x9][0xc4]D^[0xc6]il[0x2][0x9a]0[0x82]6[0xc9][0x8a]S[0xb]RS0[0xb][0xea][0xc4][0xcc]J[0x90] t[0x8a][0xc9][0x8]4vIL[0xe3][0xdd][0xc4][0x18]Q[0x16][0xd0]2L[0x90][)[0xa0]z[0x83]F[0x9e][0xa1]1`[0x8c][0x88][0xe3]`p[0xcc]([0xf8]d[0x16][0x97][0x14][0x81]{R[0xa8]U)T:[0x7]"[0xad][0x90][0x97][0x9e][0x9a]T[\n]"
17:03:26.207 [main] DEBUG org.apache.http.wire -  << "Z!Ez[0x94]![0x8a][0x1][0xa8][0x99]P+[0x15][0x9c][0x12]s[0x12]1[0x97][0xf6]B[0x15][0xa1]Z[0xac][0x90][0x94][0x98][0x97][0xe]^t[0x7][0xb5][0xdf][0x94][0xf8]$[0x83]([0x13][0xe8][0x96]d[0x10]-[0x8][0xba]Y[0x89]([0x8f][0xe8]e%[0xd2][0xdc]!t1[0x1f][0xb4][0xbf][0xe0][0x94][0x88][0xb9][0xf4];[0xb4]D![0xb5][0xa8]([0xbf][0x8]y[0xf6][0xa7] [0xbf][0xb8]83[0xb7][0xb4]X!7?[0x7]4[0xce][0x99][0x98][\n]"
17:03:26.207 [main] DEBUG org.apache.http.wire -  << "[0x9e][0x80][0xc9][0xcc]-HM[0xc9]D[0x9e][0xfc]![0xbe]K[0x81]4[0xcb][0x88][0xe8][0xc6][0xf8]d[0xe6][0xa5][0xe6])8[0xe5][0x97][0x94][0xe4]`Y[0x86]VZ[0xa2]P[0x90]ZT\[0x90][0x99][0x9c][0x99]X[0x92]Y[0xc]]Q[0x0]][0xe9]W[0x90]_T[0x94][0xaf][0x90]YP[0xc]Z[0xeb][0x97][0x88]4[0x1]D[0x82][0x93][0xe8]_d[0x99] [0x9a]4[0x90]5U[0x90][0x10][0xc0][0xb1][0xca][0xd2]?--3[0x19]4[0xc3][0x85]<[0x1b][0x97][0x98][0x97][0x99][0x9b][0x9][0x8f][0x98]b[0xc4]2[0x10][0x85][0x94][0xd4][0x9c][0xd4][0xbc][0xcc][0x92]L[0xf2][0x2][0x83][0xfe]E[0x1e][0xd2]|[0xa8]{~Qz*h[0xe9][0x17]di[0x97][0x2][0xb6]%f[0xfe])[0x99]%[0x90]4P[0x9a][0xb][0x9a][0x83]T[0x80]$[0x1][0xf0][0xcc]of~qb.h[0x19][0xaa]BbNfaif[0x8a]B1[0xb9][0xe9][0x14]Q("[0xd2][0xa9]{Qb^fI[0xaa][0x82]s>[0x96][0xb5][0xa8][0xae]%[0xa0][0xbe]vf"l[0xe9]Mnf^fn[0xa2]B^inaib[0xae]Bqiqrf[0x1][0xb9][0xae]A[0x14][0x91][0xc1][0x95]y[0xa9]E[0xe9][0xa0]Y[0xd8]d[0xc8][0xba][0xd8][0xe0][0x8c][0xcc]"P[0xb9][0x8f]Z;[0xb8][0x82][0x96][0xbd][0x96][0xc0]S[0x5]x[0xf2][0xb4] '19[0x15][0xbc]:[0x88][0xac][0xa4][0x1]*[0xd0][0xa1][0xf5][0xac][0x2][0x8d][0xba][0x90][0xa6][0x88][0xac]HV[0xf3][0x10]y[0x14][0x1f]_3[0x94][0xa4]iK[0x82][0xa3]yxm[0xa2]~B[0x9a][0x82][0xa4]WMc[0x8a][0xc8]-t[0xb3][0x12][0x91]%[0xe8]f%[0xa2][0xd5]@V[0xea]D[0xdd][0xa6][0x85]7[0xd5] [0x1a][0xb]4[0xb6][0xc9][0xc][0xd1][0x87][0x81][0xda][0x84][0xb9]+[0x7]>h[0x83]%'[0xe0]_~[0xe][0xeb][0xba]P[0xbe][0xf5][0xcc][0xd8][0xc4][0xc]1[0x88][0x1]u)m[0x16][0xe8][0x18][0x9b][0x98]QX[\n]"
17:03:26.207 [main] DEBUG org.apache.http.wire -  << "[0x11][0x1f][0xcf]fH[0xed][0x0][0xca]g[0x15][0xf0][0xa5](3D9D[0xeb][0xd0]C[0xea][0xc1][0xd0][0xd8]O[0x88]R[0x7][0xea][0xa7]A[0x9b]v[0x11][0x85][0x15]N[0x97]"V\[0xa3][0xd4]b[0x0][0x0][0x0][0x0][0xff][0xff]"
17:03:26.207 [main] DEBUG org.apache.http.wire -  << "[\r][\n]"
17:03:26.207 [main] DEBUG org.apache.http.wire -  << "608[\r][\n]"
17:03:26.207 [main] DEBUG org.apache.http.wire -  << "B[0x9b][0x8a][0xa7]j[0x8e][0xc2]([0xcf]([0x9]?[0x1a][0xce][0xbe][0x99] -[0xb8][0x18]D[0xe1][0x87][0xb4][0x3][0xc][0xea]*Z[0x95]HH[0x8b]>[0xfc]@[0xcb][0xf4]][0x12]K[0xf3][0x14][0xbc]R[0x8b]J1[0xd7][0x85][0x83][0xe5][0xcb]S[0xf3][0x12][0xb3][0xb3][0x15]JR[0xf3][0x12][0xf3][0x14]rK[0x8b]r[0xc1][0x8b][0xea][0xa0]=sCK[0xd4]=[0xa1][0xb8][0x92][0x98][0x85]%"[0xd5]&[0xe7][0xe7][0x95][0xe4]g[0xe8]&#[0xf6][0x15][0xa3][0x8f]:[0xb9]%[0x16]gd[0xe6][0xe7]%&[0xe5][0xa4][0xa2][0x8e]5!-[0x18][0x1][0xbb][\r][0xe1]v[0xf0]NC[0x85][0xf4][0xfc][0xa2]T[0xf0][0xce][0x16][0xd4][0x6],X-[0x95][0xfc][0x81]H[0xe7][0x84][0xfd][0x81][0xa9][0x2]i[0x3][0xb4][0xb1][0x9][0xd2][0x16]<Z[0xc7]9[0xdd][0xca]Q[0xa4]}[0xf][0xb4][0xf6][0x13][0xdd][0xda]5[0xa0]u[0xbf][0xd0][0xce][\n]"
17:03:26.207 [main] DEBUG org.apache.http.wire -  << "[0x8d][0xfd][0x84][0xb4][0xb7]+[0xc2])[0xbf]B[0x1][0xb3][0xc][0xa5][0xc9][0xe]Z[0x8c][0xb][0xf5]=[0xe]7[0x11][0xde]i[0x8d][0xab]X[0xa0]F[[0xe]i[0xbb][0xee][0xe0]t[0x1f][0xdd][0xd2])[0xd2][0xb6]~[0x1c]![0x81]H=[0xf4]kk#[0x1d][0x5]0[0x98]\E[0xb7][0xd6]2[0xd2]"[0x19][0xec]K[0x90][0x6]6[0xfb]X"[0x1a][0xbe][0xd8][0x9d]7 i[0x6]Q[0xcb]bw[0xd4][0x80][0x86][0x19][0xf2]9[\n]"
17:03:26.207 [main] DEBUG org.apache.http.wire -  << "[0xd8][0x9d][0x87]+[0xcc]h[0xd8][0xae]E>z[0x81][0xb6][0xb5][0x94][0xa9][0x1]"[0xef]`[0xf7][0xfe][0x0][0xc7][0xe][0xa2][0xb1][0x83][0xdd]y[0xb8]b[0x87][0x86][0xb5][0x94])h[0xf3]2[0xb4][0x16][0xa5]u[0xec]P[0x9e]wh[0x99]L[0x91]VI[\r][0x9e][0xd8]1D[0x8c][0x7]aw[0xd4][0xc0][0xa6]h[0xa4][0xad][0x96][0xd8][0x9d]7[0x10])[0x1a][0xcb][0x86]L[0xda][0x8c][0xe4][0x9b]"[0xad]U[0xa0]q[0xde]1DT[0x86][0xb4][0xb6][0x9][0xd1][0x1f][0xa6][0xb5]M[0x88][0xf2][0x80][0xc6]6![0xad]F[0xa3][0xb5]M[0xf4][0x1a]U55[0xa2][0xd7]X[0xa7][0xa9][0x11][0xa2][0xda][0xa2]u[0xe8][0xd1]-[0x95][0xd3]m[0x89][0x96][0xa9][0x11][0xfd]R9[0xbd][0xfa]s[0xa6]Hk[0xc2]h[0x9c]"[0x90][0xd6]p[0xd1][0xda]&D[0xce][0xc5]^[0x95][\r]lMk[0x8c][0xc8][0xee][0xd8][0x9d]7[0x10]5-[0xf2]:.[0x9a][0xce][0x82][0x98][0x1a][0xd3][0xad]d[0x0][0xed][0xa9][0x86][0xb6][0x87]=[0x2][0x14][0x9c]A[0xa7]{db9[0xa6]*'[0xb5][0xa0]$[0xbf]@[0x1]c[0x7][0x90]%[0x8] m[0xf3]Co[0xba]#[0xad][0xe9]35[0xa6]j[0xd1]`[0x88]6[0x89][0x82]l[0x13][0xd2]"[0xa9][0x81][0xd8]P[0x85]<[0x9a]F5[0xfb][0xf1]M [0xa1][0xf8][0x1d][0x91][0xb1][0x9][0xd9][0x8d][0xc8]C[0xa0][0xcd][0xa2]D[0xc6]"[0xd2]2'B[0xe6][0x13][0xbd]O[0x16]d=[0xd1][0xfe]C[0x94][0xc]T[0xb5][0x9f]X[0xef]#r&U[0xad]'[0xda][0xfb][0x88]LD3[0xfb][0xd1][0xbb][0x9d]([0xc9][0xb]Q[0xeb][0xd2][0xcc]~|[0x85][0x8][0xd2][0x82][0xa5][0x81][0xb1][0x1f][0xd1]C[0xa5][0x99][0xfd][0xe8][0x87][0xfd]"[0x87]?[0xd2]j*[0x9a][0xd9][0x8f]7[0xfc][0x11]cN[0x3]c?[0x8d][0xb2]?[0xb1][0xf9][0xf]i![0xd6][0xc0][0xf8][0x1f]Q[0xfe][0xc0]Z[0x88][0xa6][0xa6]4[0x9a][0xa2]6E:[0x8e][0x82][0xba][[\n]"
17:03:26.207 [main] DEBUG org.apache.http.wire -  << "LM[0x11][0xc5][0x18][0xf2][0xa1][0xa0][0xc1][0xe0][0xd3][0xfa][0x82]3[0xf2][0xb1][0x9c]K[0xea][0x9]:[0x95][0x14]4Q[0xe]?[0x97][0x14]t8ib1YkbMM[0x11][0xe5][0x18],[0x1c]i4j[0x82][0xb9][0x1a][0x8b]V[0xd1]E[0xb7][0xd5]T[0xa6]t[MeJ[0xb7]5N[0xe0][0xbd][0xec][0xd0][0x96]0[0xad]S[0x4]"[0xf1][0xc3]O[0xe0][0x83][0x9d][0xf][0x87][0xfd][0xa4]J[0xf8]QY[0x99][0xc5]%[0xa9][\n]"
17:03:26.207 [main] DEBUG org.apache.http.wire -  << "y[0xf9]y[0xa0]sG[0xca]2S@[0x7][0xe9][0xa6][0x16][0x93][0xb5]j[0xdf][0x14]i[0xfd][0x8d]Ki[0x11]h[0x8d][0x7]d[0xed]1v[0x17][0x4]C[0x97]:+[0x14][0x96][0xe6]CN[0xe4][0x82][0xac][0xcb][0xce][0xcc]#g[0xdd][0xb1])[0xdd][0x96][0xd9][0x98]"-[0xb3][0xa1]q[0xb4][0xd2]m[0x19][0x89])[0xd2]i[0xa0][0xb4][0xf6][0x13][0xdd][0x86]G[0x91][0xe]![0xa1][0xb1][0x9f][0x90][0x8e][0x1b][0x9][0x8]6[0xc1],[0xf5][0x8b]M[0x14][0x92][0x12][0x8b]J[0x11][0xbd]#c[0xfc]k[0xab][0x90][0x9b]gt[[0xa2]b[0x8a]th[0x9][0xad][0xc3][0xb][0xd1][0xe4][0xa3][0xb5]M[0x88][0xc6][0x1d][0xad]m[0xa2][0xdb] [0xaf][0x5]f[0x83][\r]3[0xc9][0x11]}[0xf][0x8][0xbe][0xa6]9[0xd2][0x19]+[0xb4][0xe]=D[0x5]Fk[0x9b][0xe8][0xd6]L[0xb3][0xc4]X4O[0xab]f[0x1a][0xd2][0xf2] [0x1a][0x87][0x1e][0xd2][0x92][0x1f]Z[0xdb]D[0xb7]2[0xc2][0x12]QFP[0xbd][0xf4][0xb6][0xa4][[0xa9][0x80][0xb4][0xda][0x87][0xd6]1C[0xaf][0xbc]j[0x86]tR[0xf][0xe2]dR[0xc4]A[0xa0]XN[0x96]w,-QHJM,IL[0x85]ojK[0xcd]U[0xc8]M[0xac][0xc8][0xcc]M[0x85][0x9c][0xcb][0x9e][0x99][0x93]S[0x9a][0xb][0xda][0xf0][0x7][0xba][0xdc][0x3][0xf9][0xc0]i[0xa2][0xb7][0x82][0x9a]![0x1d]xC[0xdb][0xa0]63[0xa0]Wae6[0xb8][0xd7]I[0x98][\r][0xc6]u[0x12]f[0xf4]Z'ab[0x82]T[0x95][0xd0][0xe8][0xf2][0x1d][0xea][0x9e]\[0x86][0xbb]Qab[0x86][0xb4][0xaa][0x97][0xa6][0xb9][0xc7][0xc4][0x8c]n~2G[0xf2][0x93]cyjq~n[0xaa][0x2][0xe8][0xf4]u[0xd0]%[0x18]%X[0xf6][0xaa]C[0xcf][0xec]G[0xf4][0x7],[0xc]A[0x1d]0"[0x8e][0xce]01GJ[\n]"
17:03:26.207 [main] DEBUG org.apache.http.wire -  << "[0xbe][0xa9])[0x99][0xf9][0xc9]E[0xa9] k[0xc0]wm[0xe0][0xd8][0x19][0xe]94[0x1b]a[0x9b][0xa9]%hN[0x9d]8[0xdb][0x10][0x83][0xd3][0x88][0x12][0x18]v6[0xb4]3[0xae][0x93][0x98][0x9d][0xf3]KJ[0x90][0xcf][0x9e][0xb7]0[0x3][0x9d][0x9b]M[0x9c][0x85][0x88]j[0x1f][0xbe][0xcd][0x1b]|[0xb1][0xf][0x8e]}[0xff]P[0xb7] y[0xce][0x1c]4hE[0x9c]][0x88][0x8a][0xdf]1[0xb5](?[0xa5]2/[0x11]t[0xf4]5$[0xb8][0x14]B@[0x3][0x18][0x18][\r]k[0xf0]x"[0xc2]6KSPk[0x9c]8[0xdb][0x10]M[0x1][0xe8]9[0xb][0x90][0xed][0xfc]8[0xae]-A[0xb3][0xc8][0x84][0xd8][0xea][0xc9][0xc4][0x1c][0xa9]%[0x80][0x88]3[0xf8]-)[0xd8][0x87]BAA[0x8c][0xe4]+3c[0xe4][0x8b][0xf7][0xf0][0xe4]fs[0xa4][0xdd]?[0xb0][0x94][0xf][0xb7][\n]"
17:03:26.207 [main] DEBUG org.apache.http.wire -  << "g[0xfa][0x80][0xee][0x90]GXhAl[0xd8][0xc4][0xdc][0x12][0xd1][0xfa][0x80][0x6]#[0xe4][0xee][0xa9][0xf0][0xc4][0x92][0xe4][0xc][0x8c][0xe8][0x82]5[0x16][0x10]V[0x99]X[0x82]N[0x12] &[0xc6],[0x90][0x8e]$[0x84]g5[0xe8][0xd9][0x18]8[0xbd][0x6]9[0x92][0x0]a[0x9d][0x91]1[0xa8][0x11]C[0x94]uH[0x13]1[0xb4]-[0x18]-[0x90]6b[0xd3][0xd4]&cS[0xa4][0xe4]Ak[0x9b][0xe8][0xd6]TB[0xba][0xa7][0x8e][0xb6]~2C:[0xcd][0x91][0xd6]6![\n]"
17:03:26.207 [main] DEBUG org.apache.http.wire -  << "'[0x1a][0xdb]D[0xb7][0x85][0x98]fH[0x7][0x0]b_[0xf1]3[0xa0][0xb][0x92][0xcc][0x90][0xd6]Tbw[0x1e][0xa2][0x10][0xa1][0xdb][0x96][0x1e]3[0xa4]3[0x0]i[0x9c][0xe][0x8c][0x10][0x15]}@[0xb0][0xa1][0x1]F[0xc9][0x8d][0xef]8[0x1][0xd4][0xad][0xf3]x[0xe][0xaf]33BT[0xf1][0xb4][0xf6][0xf]bTn[0x88]]iel[0x86][0xb4][0x98][0x13][0xde][0xe8]r*[0xca][0xcf][0xab]J[0xc5]u[0xcf][0x19][0xf8][0xd0]X[0xc8][0x9d]Q[0xa9]y)[0xa5][0xc5][\n]"
17:03:26.207 [main] DEBUG org.apache.http.wire -  << "[0x89][0xc9][0xa0][0xdb]@@[0xa7]@[0x15][0x96][0x92]5j[0x6]j[0x93]Bg[0xcb][0xd0]k[[0x1c][0xed]ZG[0xb0][0x9d]y%[0x99][0xa0]S[0x9d]J[0x14][0xf2][0xc1][0x7] %*[0x94][0x81][0xef][0x96][0x2]_[0xee]H[0xce]L[0x92][0x19][0xd2][0x99][0x80]C&&[0x1][0x0][0x0][0x0][0xff][0xff]"
17:03:26.207 [main] DEBUG org.apache.http.wire -  << "[\r][\n]"
17:03:26.207 [main] DEBUG org.apache.http.wire -  << "C7F[\r][\n]"
17:03:26.207 [main] DEBUG org.apache.http.wire -  << "[0x82]\[0x15]ml[0x86][0xb4][0xb0]t[0xe8][0xb9][0x1d][0xd1][0xd7][0x18]znG[0xac][0x91][0x1b]znG[0x94][0xc4]4.#[0x91][0xd6][0xe0]z[0x82].mL[0xc9][0x4]][0xe6][0x4]+i[0xb0]^`[0xe7][0x9a][0x8]?[0x13]K!5/[0x13]2rW[0x9c]Y[0xa2][0x90][0x7][0xbb][0xd4]5[0xa5]4[0x19]|[0xfa][0x1c][0xe4][\n]"
17:03:26.207 [main] DEBUG org.apache.http.wire -  << "[0xb9]\[0xb2][0xb2]<[0xdd][0xd6][0xe1][0x9a]![0xad][0x8e][0xa5]u`[0xd3][0xad]A[0x8c][0xb4][0x80][0x93][0xc6]~[0x2]u[0xdd][0xa0]u[0x4][0xad]m[0xa2]qu[0x8e][0xde]h[0x81][0x96][0xe0]T[0xb8]v[0xde][0xd8][0xc][0xf9][0xee],2W[0x95][0x13][0xd7][0xfd]763A[0xf4][0xc6]i[0x1c]!H[0xcb]4im[0x13][0xa2][0x1e][0xa2][0xb5]Mt+y[0x91][0x16][0x19][0xd2][0xda]O[0xf4]Z[0xdf]aF[0xb7][0x5]wf[0xa0][0x11]E[0xfa][0x14];t;[0xea][0xcb][0xcc][0x8c]n=~[0xd0][0x95].t[\n]"
17:03:26.216 [main] DEBUG org.apache.http.wire -  << "=[0xba]Uyt[[0x3]f[0x86][0xb4][0x6][0x8c]6[0xd7][0xdb][0xa2][0xd7]DH[0x8b][0x8f][0xcc][0xcc]I[0xe9]>c[0xb9][0xac][0x1][0xcf][0x16][0x8][0xea]Ux&&H[0x97][0xe1]@K7[0xcc][0x1b][0xda][0x89][0x1f]O[0xc0]3[0xdc]m[0x82][0xb4]V[0x0]j[0x13]m[0xd6]t[0x98][0x98] [0x8d][0xe2][0xd3]h[0xca][0xf]i[0xbf]~HbF[0xa9]BRi[0xe][0x96][0x3]k[0xf1][0x85][0x1b]qK[0xdc]ML[0x91]&[0x97][0xc9][0xb4][0x9]u[0xc4][0x7]O[0xc][0x81]/w[0x87][0x96]6[0xb4][0xb7][0xb][0xd1]H[0xa4]mj05[0xa4]S[0xad]jbJ[0xaf][0xb5]D&[0xa6][0xf4]ZKdb[0x8a]Y>[0xd0]([0xd7][0x9a][0xd2][0xad]|0[0xa5][0xd7][0xca]"[0x13]S[0xa4][0x92][0x88][0xc6][0xa9][0x9c]^[0xb3]E&[0xc8]+[0x8b][0xc0]~230 m[0x8][0xda][0xd4][0x92][0xb8].[0x92][0x89][0x19][0x96][0xe9]"][0xcc][0x89]J|[0xc5][0xac]1h"[0x92][0x98])D3[0xa4][0xf3]{h[0xee]-[0xcc][0xa6][0x81]n9I[0xa3][0xf8]$x[0xb][0xb3][0xad][0xaa][0x9b]BE[0xbb][0xa0]m[0x11]c[0xb][0xd0][0xb4]7[0xb4][0xf2]HO[0xcc][0xcd][0xcc]K[0xd7]5[0xc3][0xb0]&-[0xbf]H[0x1]"[0xa9]PPZT[0x90]_[0x9c]Z[0x8c]|[0x94][0xa5][0x89][0x19][0x96][0x3][0x81]t[0xcb]0[0x8c]!?[0xc2][0xa9][0xeb]Z[0xa4][0xf5]$[0xe0]$[0x13][0x10]L[0xa3][0xb2][0xd1][0x8c]ne[0xa3]9R[0xcd][0x2][0xdf][0xe][0xe3][0x9c]_P[0x90]Z[0x84][0xf5][0xae][0x0][0xb4][0xa5][0x16]FF[0xa0]Q[\r]b[0xf2][0x9b][0x5]R[0xde][0x6][0x9f]D:[0x94]O-5[0xb1]@/=h[0x96][0x14],[0xe8][0xb6][0x83][0xcd][0xc][0xb4][0xae][\n]"
17:03:26.216 [main] DEBUG org.apache.http.wire -  << "[0x9a][0xa3][0x3][0x8a][0xf2]SJ[0x93]K[0x14][0x1c]Ks2[0x13][0x15]0{[0x8][0x99]y[0x99][0xa0]MP`5[0x89]p5[0xd0][0xe3]p[0x89]k[0xea][0x1a][0x9b][0x99][0xd3][0xa9]Ihl[0x86]t[0x91]5[0xf6][0xf9][0xe3][0x81][0x9d][0xde]F[0xda][0x13][0x83][0xdd]y[0xb8][0xa6][0xb7][0xd1][0xf7][0x8a]C[0x8b];[0xaa][0x8c][0x8c]"m[0xa6][0xc1][0xee][0xa8][0x1][0xe]3[0xc4]x v[0xe7][0xe1][\n]"
17:03:26.216 [main] DEBUG org.apache.http.wire -  << "3[0xf4][0xe][0x11]U[0xc3][0xc]Q[0xd1][0x83]sP[0xb6][0x82]{fj[0xe]F}[0x16][0x2][0xba][0xfa]'/[0x1d]tmyvQfAq&[0xc2][0xad]h'z[0xe0][0x1b]p[0xb0]@[0xd4][0xf4]H[0x96])d[0xa7][0xea][0x1a]Q`#z[0xf0] [0xf]q[0x80][0xd6][0xef]![0x17][0x10][0x10][0xef][0x81]l[0xc4],![0x88][0xf7]#^[0x1b][0x11]}9[0xfa][0xdc]?[0x8b][0xbc][0x10][0x16][0x1c][0xaa][0xb4].[0x4][0x91][0xda][0x14]t[0xf2]!R[0x8d]O[0xd3]V[0x8c]1[0xdd]Z1[0xc6]f[0xf4][0xea]w[0x19][0x9b]![0xad][0xa9][0xa4]m[0xe8][0x99][0x83]z2[0xd0][0xdc]Fk[0x9b][0x10]e)[0xad]m[0xa2]W[0x95]on@[0xaf][0xd9]6s[0xa4][0xb1]A[0x1a][0x87][0x9e]!b[0xe5][0x84]g[0x80][0x87][0xbf][0x9f][0xab][0x82][0xa1][0xa9]B@[0x90]?Fq[0xef][0xe1][0xea][0xe7][0x1e][0xe0][0xef][0x87][0xa8]VL@S[0x82]D4[0xd3][0x8d][0xcd][0x91]v[0x8f][0xd0][0xda]7[0x88][0xfa][0x8b]v[0xbe][0xa1][zCZAI[0xe3]pCZ[0xc]Ik[0x9b][0x10][0xe9][0x8d][0xd6]6![0x1a]N[0xb4][0xb6][0x9][0xa9]E[0x91][0x98]W[0x92][0x8][0xde][0xc][0x2][0xdd][0xc6][0xe0][0x93][0x98][0x8b]y9[0xa7]k[0x89]BFf[0xb2]BfNN>[0xd2]z[0x19][0xd0]4'Q[0xf9][0x9]i[0xa9]^RbqjJQZf[0x5]F~[0x5][0xcb][0xa4][0xa6]%[0x96][0xe6][0x94][0xa4][0x14]!r[0xad][0x99]%[0xe8][0x98][0x8][0xe2][0xac][0xa1][0xd7]t[0x9e]9[0xd2]}[0xb4][0xb4][0x99]d[0xc3][0xd3][0x1e]4G[0xba][0x99][0x96][0xc6][0xe9][0x84]n[0x87][0x0][0x9a][0xd3]m[0x99][0x93]9u[0xcf][0x0][0xc4][0x17]OH[0x97][0x92][0xd2]8[0x9e]@[0xbb][0xa5][0xe8][0xd3]J[0xa2][0xc2]R!<s[0xbc]H[0xfd],s[0x13]Df[0xa6]Y[0xcd][0x8]j[0x10]@[0xc3][0x8d][0xfe][0xd9][0xd8][0x14][0xb1]lh[0x0],[0xa7][[0xad]fJ[0xb7]Z[\r]i[0x97][0xd2][0x0][0x4]([0xa2]J[0x1d][0x0][0xcb][0x11][0xed][0xfc][0x1][0xb0][0x1c][0x91]Q[0xe9]o9[0xd2][0xc0][0xf0][0x0]X>[0x90]9[0x18][0xe9][0x0]4z[0x8c][0xd1][0x98][0xd3]m[0xa5][0x99]9[0xdd][0xe]\3GZi[0x86]}[0xfc]t@[0x87]w[0xcd]A[\r]_h[0xf5][0x84][0xdd]y[0x88]V2[0xdd]v|[0x99][0xd3][0xed][0xdc]4s[0xa4]5s[0xd8][0xbd]?[0xb0][0xb1][0x83][0xb4][0xd0][0xe][0xbb][0xf3][0x6]$v[0x10][0xb5][0xed] r[0x14]b[0x0][0x2][0xbb][0xa3][0x6]8"[0x11][0xb5]'v[0xe7][\r]HD"j[0xd5][0xc1][0xe3][0xa8][0xc1]=[0x1d]f[0x8e]rg[0xa2][0x4][0xbe]+[0x13][0xe9]W^"][0x9a][0xe8]R[0x9a]][0x9a][0x87]1[0xee][0x81]H][0xa0]EED[0xf6][0x8e][0x90]f[0xa1][0xb0]'[0x8f][0x81][0xcd]RH[0xe7][0x9b]`w[0x1e][0xc2][0xd3]t[0x8c][0x9]BYj`[0xc3][0xc]i![0xe5][0xe0][0x9]3[0xa4][0x95][0x90][0xd8][0x1d]5[0xc0]a[0x86][0x18]>[0xc7][0xee][0xbc][0x81]HgH[0xf3]p[0xd8][0x1d]5[0xc0]a6[0x18][0xab];[0xd0][0xea]H[0xbc]M[0xdd][0x1][\r]3[0xb][0xd0][0x99],x[0x9d]7[0x0][0xe9][0xc]y1[0xd9]P[0xdb]C[0x8c][0xbc]tl[0xe8][0xb9][0x9d]P[0x1b]{[0x80][0xd3]*[0xa1][0xd6][0xf6][0x80][0xa4]U[0xc4][0xf0][0x18]m[0xc7][0xc2]-[0x90][0x8e]@[0xa4][0xfb][0x88][0x90][0x5][0xd2]4[0xf8] ,[0xfa]-[0x90][0xe6][0xce][0xb1];o [0x92][0x6][0xd2]d[0xfb][0x90]+[\n]"
17:03:26.216 [main] DEBUG org.apache.http.wire -  << "[0x90]Nt[0xc4][0x1e][0xa0][0x3][[0x14] [0x9d][0x9d][0x84][0xdd]y[0x3][0x12][0xdf]t+[\n]"
17:03:26.216 [main] DEBUG org.apache.http.wire -  << "[0x90][0x96]#[0xc][0xbd][0x94][0x85][0xe8][0xac][0x80][0xb]L[0xc7][0xa2][0xcc][0xf4][0xc4][0xfc][0x12][0xd0][0x99][0xf0].[0xa9][0xc5][0xc9]E[0x99][0x5]%[0x99][0xf9]yJVJ[0xf8][0xf6][0x5][0x10][0xbb][0xb][0xce][0xd8][0x2]i=[0xc5][0x90][0xb]*[0xa4]3[0xa8][0xe8][0xb3]z[0xd0][0x2][0xe9],*p[0xe4][0xd0]j[0xe1][0xbb][0xb1][0x5][0xd2]yT[0xf4][0xf2][0x1b][0xa2][0xf9]@k[0xbf][0xd1][0xad] @:[0xa1][0x89][0xc6]~B:O[0x89][0xd6]6!&[0x9f][0x86]\[0x8e]E[0xda]6E[0xe3]P2!"5#*A[0xe2][0xcb]K[0xa4]u[0x10][\n]"
17:03:26.216 [main] DEBUG org.apache.http.wire -  << "[0x18]#z[0xd4])[0x92][0x91][0x16]@[0xd0]8[0x90][0x90][0x96]A[0xc][0xb9][0xa4][0x84][0xb4][0x8a][0x82][0xd6][0xa1]D[0xaf]%[0x13][0x16][0xa6][0xf4]Z[0x8a]lA[0xb7][0xc5][0x19][0x16]t;P[0x86]~[0x87][0xd5]Z ]NG[0xeb][0xb4][0x87]h[\r][0xe][0xb9][0x1c][0x8a][0xb4]Dc[0xe8][0xb9]}[0x8]W[0xb2]H[0xb]D[0x86]^[0xb8]#J[0xc0][0xa1][0xe7]vD[0x93]#3/%?7[0x13][0xf3]@[0xff][0xc4][0xec]R[0x85][0xe2][0xd2][0xec]D[0x5][0x84][0x2][0xe8][0xb6]Q#b[0xf]67[0xb6]@Z[0xbc][0x2]-}0'<[0xf1][0xb5]D[0xe8]6[0xf1]fa[0x86][0x98]q[0xc0][0xe9]RD#[0xc][0xdf][0xce]Y*[0xee]S[0xb4]0G[0xaf][0xcf][0x8b]M[0x8b]q7[0xe5][0xd0][0xf]+233#n[0xaa][0xd6][0x2]i[0xaa][0x16][0x11][0xdd][0xa8]}x[0xaa][0xa4][0x7][0xa4][0xcb][0xb7]hk[0xf]"6ik[0xf][0xa2][0xce][0xa3][0xa9]=H[0xf3][0xae][0xb4][0xb5][0x7][0x91][0xde]hk[0xf]R[0xb7][0xba]2/[0xb5](=[0x13][0xbc][0xbd][0x3]|h[0x1][0x8e][0xe3][0x99]Aw[0x8f] 2[0xa0][0x91]%hW-1;.,[0x91][0xb6][0xe7]![0xae][0x8e][0x0][0x99][0xa6][0x80][0xe3][0xfa][\r][0xd8]][0xf][0x8][0xdb][0xcc][0xcd]A[0x19][0x91]8[0xdb][0x10][0xb5]qpNjj[0xb6][0x2][0xf4]^[0x8][0x5][0x1c]Wb`[0xb9][0xcc][0xc1][0x0][0xb4][0xcd][0x9c]8[0xcb][0x10][0xc1]8[0xc4][0xaa] [0x13]Sz[0xdd][0x3]`b[0x8a][0xb4][0xc3][0x90][0xe6][0xa7]g![0xcd][0xec][0xe0][0xb1][0xb][0x91][0xb2][0x88][0xed][0xcd][0x9b][0x98]"[0xcd][0x8b][0xe0]1[0x19]_eJ[0x82]][0x88]b[\r]Z[0x19][0xd2][0xe8][0xfc][0x14]S[0xa4]q[0xd1][0xc1]2[0xfa]obJ[0xaf][0xa1]S[0x13]S#[0xc4][0xda][0x10]Z[0x7]4[0xa2][0xa8][0xa0][0xb1]MH[0x1b][0xaf]}A[0xc7][0x8f][0x4][0xe7]''[0xa7][0x16])`[0x9e]u[0x90][0x9c][0x9f][0x94][0xa8][0x90]\[0x94][0x9a]X[0x92][\n]"
17:03:26.216 [main] DEBUG org.apache.http.wire -  << "?[0xa3][0x4][0xa4][\n]"
17:03:26.216 [main] DEBUG org.apache.http.wire -  << "[0xda][0xcc][0x4][0xef][0xab]&[0xa2][0x18]4[0x1][0x1f][[0x5]][0xf9]@[0x1f][0x1b][0xcd][0x90][0xea][0x14]d[0x1b]1OW[0xc0][0xe6]G[0x90]*[0xac]~4[0xd6]QrN,IM[0xcf]/[0xca]L-V[0xb2][0x8a]Fl521Cj[0x1][0xd0]6[0xfe][0xcc][0x90][0x8e][0x1d][0x8]H[0xcc]I[0xf4][0xc9][0xf7]I$[0xbe][0xc9]idi[0x9][0xda][0xfa]GL[0xb4]Y [0xd5][0x0][0x9e]y[0x5][0xa5]%[\n]"
17:03:26.216 [main] DEBUG org.apache.http.wire -  << "y[0x89][0xb9][0x98][0xfd][0x10][0x88]T[\n]"
17:03:26.216 [main] DEBUG org.apache.http.wire -  << "[0xd2]|[0x92][0x8e][0x12]4[0xf4][0x88].[0xd0],[0xc][0x10][0xf9][0xc]b[0x1e][\r][0xad]Bt[0xad]h[0x1b]Q[0x16][0xf4][0xba][0xb2][0xd1][0xc4][0x2][0xa9][0x9b][0xee][0x91][0x9a]XV[0xa9][0xe0]RZR[0x9][0xba][0x7]=%5O[0x1][0xfb]%U[0xce][0xf9][0xb9][0xb9][0xf9])[0x99][\n]"
17:03:26.216 [main] DEBUG org.apache.http.wire -  << "[0xa9][0x89]E[0xa5][0xb9][\n]"
17:03:26.216 [main] DEBUG org.apache.http.wire -  << "[0xc9][0xf9]y[0xc5][0xa9][0x85][0xa5][0xa5]y%[0xa5]E[\n]"
17:03:26.216 [main] DEBUG org.apache.http.wire -  << "[0xa5]%[\n]"
17:03:26.216 [main] DEBUG org.apache.http.wire -  << "[0x89])[\n]"
17:03:26.216 [main] DEBUG org.apache.http.wire -  << "[0xc5][0xa5]y%[\n]"
17:03:26.216 [main] DEBUG org.apache.http.wire -  << "[0xa9][0xc8][0x97][0xb2][0x1b][0x81]r[0x15][0x11])[0xc7][0xd8][0x2]ik+M[0xc3][0xd8][0xd8][0x2][0xe9]tZ[0xdb][0x84][0xe8][0xb2] _[0xdc][0x6][0xbb][0xf1][0x1e][0xfb][0xcd]m[0xae][0x15][0x5][0xa9])[0x99]%[0x89][0xa0]0-K[0xcd]QH[0xce]/*[0xc8]/[0xca]$[0xeb][\n]"
17:03:26.216 [main] DEBUG org.apache.http.wire -  << "P[0xb][0x13][0xa4][0xbb]}[0x91][0x1a][0xe5][0x90][0x1b][0xdd][0x9c][0x12][0xd3]1J[0x1][0xd7][0xe2][0x12][0x85][0xd4][0xa2][0xa2][0xfc]"[0x85][0xbc][0xcc][0x8c][0xcc][0x1c][0xe8]%%[0xc5][0x99]y%[\n]"
17:03:26.216 [main] DEBUG org.apache.http.wire -  << "E[0xa9][0xa0]h/[0xcd][0xc9]I$[0xeb][0xf2][0x2][0xb][0xba][0xed]K[0xb5]0Atyh[0x1c][0xc3]t[0xbb]R[0xc0][0x82]n{m-[0xe8]vy[0x81][0x85])"[0xc][0xb1][0xbe][0x8e][0xb1][0x5][0xd2]&)h[0x1a][0x1b][0xac][0xc3]`[0x98];[0xa7]0][0x8a][0xe8][0xbd][0xd0]m[0x18][0xc][0xa9]SM[0xe6][0xe5][0xf]D[0xe][0x84]a[0x1e][0xe][0x8e][0xe9]|},[0xfa][\r]X"[0x1d][0x2][0x88]3M[\r]@La[0xb4]~[0x6]m[0xf8]at[0x88]0]:[0x0][0xe1][0x87]([0xe5][0xb0][0xf7][0x87][0x7]v[0xb1][0x1e]hd[\n]"
17:03:26.216 [main] DEBUG org.apache.http.wire -  << "[0xda][0xd3][0xc2][0xee]<D[0x88][0xd1]/' [0xed][0xf8][0xa2][0xe9][0xa0][0xa5][0x5]FK[0x1]3[0xc5][0xc][0x8e][0xb2][0x1]i[0x93][0xd9] *[0x1b],[0x10]k[0xd2]q[0xba]j[0x90][0x84][0x1f][0xa2][0xbb][0x88][0xd3][0xa5][0x88][0x94]N[0xaf]Z[0x10][0xe9][0xac]a[0x9a][0xa6]s[0xa4][0xbd]A[0x90]!l[0xd8][0x18]5[0x8e][0xae][0x1e][0xc6]u[0xd5][0x16]F[0xa0]c.[0x88][0xea][0xc9]![\r][0x16]A[0xec][0x2]][0xda]L[0xfc]X[0xb9][0x91][0x11][0xa8]D"[0xce]&[0xa4]1M[0xa4][0xde]MpfN[0xb6][0x82]3[0xd6]k[0xda] w[0xb8]![0xe2][0xd9][0xc8][0x8]4MF[0x8c]e[0x96]Hg([0xbb][0xc1][0xf][0xaf][0x82][0x98][0xa7][0xe0][0x9c][0x8f][0xe5]F[0x8a][0xe0][0xfc][0x9c][0xd2][0x92]D[0x85][0xd4][0x12][0x85][0xe4][0xd2][0x82]LP[0x97][0xae]$[0x15][0xe9][0x14]+b/[0xca]6[0xb6]D[0x1a]T[0x9]F[0xf2]&[0xf4][0xa4]h[0xef][0xbc][0xcc]4[0xcc]![0x16][0x88][0xc3][0x10][0x1e][0xb5][0xb0][0x4]u[0xb0][0x89][0xf3]("[0xa7][0xc][0xb5]V[0xb9]%[0xf2][0x99][0xe6][0xe0][0xa9][0x1a][0xe8][0xe9]b[0x1][0x89]y%[0x98][0xb3][0xac][0xe8][0x97]`[0x9b][0x9a][0x99][0x9b][0x13][0xd7][0xa8][0xb4]D[0x9a][0x80][0x80]$rx[0x86][0xc2]n[0x15][0xb4][0xcf][0x8f][0x88][0x10]K[0xb][0xd0]=[0xda][0xc4]E[0x8]"[0x99]#[0xf]#[0xc0]m[0xf4]N[0xad]L[0xca]O,[0xc2]<i[0x1e]#[0x17][0x9b][0x81][0x8f][0x18]$[0xca]R[0xa4]-%C.[0x15] [0xdd][0xe3][0x12][0x9c][0x9b][0x98][0x93][0xa3][0x0][0xf]*[0xec][0xa5][0x2][0x96][0xc8][0x1]%$[0xe2][0xc2][0x9][0xd1][0x82][0xf0][0xcc]+I[0xcd][0xc9][0xc9]LO[0xcd]+Q[0x80][0x8c][0xb0]`O[0xb][0xe0])QDJ0[0xb7]04%2[0xd5]![0xed]YA[0x1a][0xb4][0x83][0xfb][0xe]gB[0x0]M[0x8d]"[[0x8][0x1a][0x8a]![0xce]w[0x88][0xfa][0x1d]~[0xd9][0xad]s~II>h[0x8c]0''[0xb5][0x4]c[0x0][0x9][0x92][0xe1][0x10][0x96][0x99][0x80][0xb3][\n]"
17:03:26.216 [main] DEBUG org.apache.http.wire -  << "q[0x96]![\n]"
17:03:26.216 [main] DEBUG org.apache.http.wire -  << "[0x1e][0xe4]r[0xe][0xe4]x[0x5][0xa7][0xd4][0xbc]d[0xcc][0xdb](0K9[0xd0][0xd5][0x1c][0xc4]Y[0x86][0xe8][0xd5][0x4][0x14]%&[0x97]d&'[0xe6](@[0xcc]S[0xf0][0xc0]R[0x9a]C[0xe7]|[0x11][0x1e]35[0x6]m^ [0xce].[0xa4]~[0x9]8=[0x6]$[0x82][0xce][0xf8][0xc7]>[0xca][0x8a][0x1e][0x80]F[0xc6][0xa0][0xc5][0xf8][0xc4][0xd9][0x83][0xe8]i[0x4][0x95][0x82]g[0xdf][0xa1]u[0x4][0xd6][0xfa][0x9]"[0x87][0xf0][0x90][0xa5])[0xf1][0x16]a/[0x91] [0xe5])[0xd6][0xe0][0x83]H!,32[0x1][0x9d][0xb]O[0x94][0xaf]@[0xc1][0xc][0xed][0xa0] [0xdd][0xc6][\n]"
17:03:26.216 [main] DEBUG org.apache.http.wire -  << "[0xc9]`[0xd8][0xf3]3z[0x10][0x9a][0x19][0x83]2[0xe]q[0x96]![0xb2][0xb3]OfzFIy*[0x88]T[0x80][0x98][0x88][0xd5]g[0xe1][0xf9][0xf9])[0xa9][0xa0][0xe3][0x15][0xa0]3[0x18][0xa6][0x96][0xa0][0xc5][0xf8][0xc4]Y[0x86][0xc8]]C[0xae][0x8c]E[0x9e][0xe6][0x4][0xa7]i[0xd8][0x12][0xb][0x5][0xec][0x85][0x1e]F[0x19]k[0x6]^oL\8![0xf2]*[0xbc][0x14][0x82]d!l9[0x15][0xa3][0xd6]3[0x2]_BD[0x9c]M[0x88][0x9c][\n]"
17:03:26.216 [main] DEBUG org.apache.http.wire -  << "[0xbf][0x91][0x3]^[0xbc]b[0xf7][0x18]z62[0xb2][0x0][0x1d]+N[0x9c]m[0x88][0xfc][0x8a]\[0xb1][0xe3][0xf6][0x1a][0xa8]e[0x8b][0xc8]C[0xc4][0x1f]Qj[0x89][0xb4][0x13][0xc5][0xb1]<[0xb5]8?7U[0x1]Z[0x8c][0x7]gd[0x16]a[0x96][0xe2]hU[0x94][0x85]%[0xb1]g[0xae][0x82][0x13]?4[0xb7]"[0x96][0xe6][0xc0][0xd3][0x6][0x8e][0x82][0x8]T[0xa1] [0xfc]ea[0x1]ZSFT[0x8][0x1a]#F[0x11][0x11][0xb6]A[0x8b]j[0x85][0x80][0x9c][0xc4][0x12][0xcc][0x96]1[0xa8]:A[0xd8]el[0xc]:j[0x82]8[0xbb][0x10]E[0x3][0xb4]t[0x85]d}[0x1c][0xf6]`$xsC[0xd0]h[0x3]qV![0xd6][0xa1][0xc2][0x93]!4Y+`=([0x17][0xea]e[0x84][0xbf],[0xc][0x89]n[0xca]"]*[0xed]RZ[0x94][0x8][0xba][0xea][0x1a][0x9e][0xe4][0xb1]W[0xbb][0xa0][0xe][0x1d][0xc2]*3[0xe2][0x17]7![0x1d][0xb7]:[0xe4][\n]"
17:03:26.216 [main] DEBUG org.apache.http.wire -  << "<[0xa4][0x3]\[0x91]k[0x6]x[0xd2]v[0xcf][0xc9]/K[0xc5][0xec]c[0xa0]&7S[0x13][0xd0][0xdc][0x14]qi[0x0]Q[0xc7]"[0xdb][0x7][0x8f][0x1a]lE[0x1f]j[0xc4][0x98][0x1a]Z[0x10]w[0xf9][0x97][0xb1]%[0xd2]<![0xb2]e[0xd0][0x4][0xee][0x9c][0x91][0x98][0x9]:[0x1a][0x19]u[0xf5](z[0x95]nb[0x8]:~[0x7][0xbf][0xdf][0x0][0x0][0x0][0x0][0xff][0xff]"
17:03:26.216 [main] DEBUG org.apache.http.wire -  << "[\r][\n]"
17:03:26.216 [main] DEBUG org.apache.http.wire -  << "37E[\r][\n]"
17:03:26.216 [main] DEBUG org.apache.http.wire -  << "[0xf2]tQ[0xb2]24[0xb6][0x4][0xb5]?[0xa1][0x85][0x4]R[0x95][0xe].tp,[0x15][0x4][0xcb]![0xd2][0x9c][0x91]1[0x91]K[0x12][0x8c]-A[0x1][0x8e]i[0x17][0xb4]B[0xc7][0xde]~[0x80][0xc5])[0xc2]>c[0xf0]9[0x84][0xc4][0xf9][\r])[0xef][0x16][0xa5][0xe7][0xe7][0xe5][0xe7]f&#[\n]"
17:03:26.216 [main] DEBUG org.apache.http.wire -  << "[0xdb]|,I[0x4][0xb5]T77[0x4]][0x99]G[0x9c]U[0x88][0xf6][0x3]r[0x83][0x19][0x1a]k8[0x12][0x8]Jc[0xc5][0xc][0x1c]<[0xc4]Y[0x86]h[0x9d][0xbb][0xe7][0x17][0xa5][0xa7][0xe6][0x97][0x16]+@j*[0xec][0xed]X[0xf4][0x18]3[0x1][0x8d]`[0x12]g[0x13][0xa2][0xba][0x87]t[0xdf][0xa0][0xa5][0x1b][0x8e][0x82][0x16]*[0x8b][0x88],KS[0xd0][0xa1][0x91][0xc4]Y[0x85][0xa8][0xef]1[0x6]u[0xb0][0x85][0x1f][0xb8][0xd5][0x89][0xb0][0xc9][0xcc][0x80][0xe8]Q[0x15][0xe4]mu[0xe0][0x91][0x9]H[0xbb][0x81]X?[0x19][0x9b][0x82][0xe]3'[0xca]OH[[0xd3][0x86]\![0xb][0x1a][0x13][0x81]fV[0xe8](-mV)[0x1a]["mvC.[0xf1][0xa0][0xb5][0xb6][0x2][0x8e][0xd2][0x1c][0x12]i[0x88][0x4]`j[0x2][0x1a][0x9c]#.Z[0x10][0x99][0x15][0xd1][0xe1][0x84]U[0xea][0xd8][0xcb]![0x8c][0x94]mb[\n]"
17:03:26.216 [main] DEBUG org.apache.http.wire -  << "[0xda][0xd5]D[0x9c]u[0x88][0xec][0x8a]4T[0x0][0xaa][0x8d][0x14][0xb0][0x8f][0x18]B}[0x8e][0xf0][0x9b][0x91]![0xb1]{[\r],Ac[0xc3][0xd0]hC[0xe]Lp[0x11][0x80][0xa3]?[0x80]Z[0xe8][0x19][0x99][0x11][0xdd][0xc]C[0xda][0xfd][0x6]m[0x86][0xc1][0xab][0xc4][0xe0][0xc][0xac][0xc5]kI*[0xf8][0x1e](h[0xff][0xcc][0xd2][0x14]4[0xb4]E\[0x18]"[0xda][0xe7]P[0xab] [0xf1][0x8f]cp[0x19][0xec]]D[0xf8][0x99][0x18][0x82]f[0xb1][0x88][0xb3][0x8]{][0xf][0x8e]-[0xec][0x95]/[0xb8][0xe4]E[0xb2][0x8b][0xf8]f,([0x5]A[0xe3][\n]"
17:03:26.216 [main] DEBUG org.apache.http.wire -  << "[0xde][0x99][0x82]z[0xb]{[0x7][0x7]#aX[0x18][0x81][0xd6][0x13][0x12][0xe5]1P[0xb7][0x1]j[0x19][0xf2][0xe8][0x18][0xa8][0x9d][0x82]#[0x19][0xa2][0x95][0xb0][0x96][0x86][0xa0][0x8e]&qv![0xda][0xe7][0xc8][0x89][0x10][0x1c]R[0xb8][0xa6][0x1f][0xd0][0xa2][0xcc][0x1c]|%#q[0xb6]![0xb2]3R[0xfe][0x82]6+[0xb0]7[0x9b][0xd1][0xbc]FB[0xf3][0xc][0x94][0x11][0xa1][0xc1]8[0xe4][0x8a]t[0xcc][0xfd]b[0xb4]*[0xd2]1[0xf7]{[0xd1][0xcc]&D~[0xa5]q5[0x85][0xb4]x[0x87][0x96][0x13][0x84][0x96][0xa0][0xcd]0[0xd0][0x14]F[{[0x10][0xd9][0x86][0xb6][0xf6] b[0x88][0xa6][0xf6][0x80][0x8a]xz[0x84][0x1b]h[0x9a][0x12]jO@[0xb0][0x2]f[0xba]NO[0xcc]MU0U(.IDj[0x9d][0xe0]_[0xaf][0x81]X[0x8a]nl[0x9][0xea][0xb9]A[0x8d][0xa7]q[0x82][0x6]uI[0xe9]c[0x13]h[0x18][0x8e]N6!F[0xa1]h[0x1c]z[0xa0][0x8a][0x97]N~Btci[0xea]'[0x13][0x3][0xe4][0xd9]:Z[0xae][0x4]41@[0xda]oEk?[0xd1]/[0xf4][0x10][0x5]*[0xad][0xfd][0x84][0xe8]Q[0xd0][0xda]&[0xa4][0x1][0x0][0x1a][0xa7][0x8]D[0xff]?3 #?/[0xd5][0x10][0xb4][0x93][0x7]u[0x9c][0xb][0xbc][0x5];5[0x5][0xb6][0x9f][0x9][0xa9][0xd1][\r]:=[0x96][0x88][0xc6][0xa2][0x89][0x1][0xd2][0x89]p[0xb4][0xe]:D[0xbd]Gc[0x9b][0x90][0xa6][0xe5]hm[0x13][0x9d][0x8a]W[0x13][0x3]#D[0x17][0x82][0xd6]~[0xa2][[0x1]a[0x84]H[0xe2][0xc4][0xfb][0x9][0x91][0xc8][0x89][0xde][0x90]e[0x0][0x1a][0xa0][0xa2]G[0xdd]db[0x80]4Z[0x9d][0x9b][0x99][0x93][0x8d][0xb1][0x6][0x1][0xe1]z|[0xeb][0xf8][0x10][0xed][0x1f][0x13][0x3][0xa4][0x1]ij[0x99][0x88][0x88]`[0xba][0x9c][0xa0]gb[0x80]t[0xe6][0x98]g[0x1][0xa8],S04T03QHO[0xc2][0x8] |K2[0x89][0x8f]p[0xa4]S[0x9c][0x6][0xcb][0xca]a[0x13][0x3][0xa4][0xa1]([0xda][0x85][0x2]t"[0x83][\n]"
17:03:26.216 [main] DEBUG org.apache.http.wire -  << "w[0xbd][0x9b][0x80][0xc7]ua[0xd9]&[0xbb]*?_!<?'-9#[0x11][0xb4][0xa4][0x0][0xb5]"[\n]"
17:03:26.216 [main] DEBUG org.apache.http.wire -  << ".)J[0xac][0xcc][0xce]L[0x1]M2A[0x7][0xb3][0xc][0xcd]@[0xbb][0xd3][0x89][0xa9][0x83]L[0x91][0xa6]J[0x83][0x13]s[0x8b]K[0xf3][0xd2][0x15][0x82][0x8d][0x8c][0x15]BsJ[0x8a]07[0x83][0xba]'[0xe6]$VT[0x92][0x9c][0x8f]LA[0xc3][0xe1]P[0xcf][0xc][0x9a]$a[\n]"
17:03:26.216 [main] DEBUG org.apache.http.wire -  << "[0x9a]*[0x82]:[0x8a][0xb0][0xcf][0x11]~&%l[0x91][0x1a]a[0x4][0xc3]6#[0xb3]2[0x11][0x14][0xe2][0xd0]($[0xb2]"
17:03:26.216 [main] DEBUG org.apache.http.wire -  << "[\r][\n]"
17:03:26.216 [main] DEBUG org.apache.http.wire -  << "34F[\r][\n]"
17:03:26.216 [main] DEBUG org.apache.http.wire -  << "[0x88]2E[0xba][0x14]s[0xf0][0x4]-[0xd2][0xfe][0xb7]A[0xe4]([0xa4][0xd8][0xa0]i[0xf3][0xd1][0x14]i[0xab][0xdc] [0xf2]>[0xa2][0xf5]<x[0x1c][0x85]t[0xd6][0xe3] r[0x14][0xa2]a9[0x88][0x1c][0x85][0xd4][0xcd][0x2]O[0x14]B[0xc7][0xdf][0xb1].>s[0xad]H-J[0xce],I[0x4][0x1d][0xca][0x9c][0x9a][0xab][0x90][0x9b][0x98][0x9e][0x97][0xa9][0x90][0x9f][0x92]Y[0xa2][0x90][0x92][0x9f][0x93]_D[0xc6]rs[0x13]S[0xa4][0x1a]t[0xf0][0x84][\n]"
17:03:26.216 [main] DEBUG org.apache.http.wire -  << "[0xd2]vu[0xe2][[0xb1]H[0x15]%[0xd1][0xad][0x1a]3[0xba]m[0xc1]7C^C[0xe]-[0xa7]t1[0x97]b[0xe1]k[0xab][0x19][0xe3][0xdd]^[0xf]m[0xa5][0x18][ [0x9d]{[0x9b][0x9e][0x98][0x9b][0x99][0x97][0xae]k[0x86][0xd1]$L[0xcb]/R[0x80]H*[0x14][0x94][0x16][0x15][0xe4][0x17][0xa7][0x16]+[0xd5]"5[0x91][0xc1][\r][\r]X-[\n]"
17:03:26.216 [main] DEBUG org.apache.http.wire -  << "s-[0xe6][0x8a][0xdc][0xc1][0xe2]Z[0xd0][0x1c][0x1f][0xba]k1[0xef][0xfe][0x1e]4[0xae]E[0x14]D[0xb0][0xd4][0x8d]%[0x8a][0x6][0x8d]k[0x11][0x15][0xc][0xcc][0xb5][\n]"
17:03:26.216 [main] DEBUG org.apache.http.wire -  << "[0xc1]9[0x99][0xb9][0x18]i[\n]"
17:03:26.216 [main] DEBUG org.apache.http.wire -  << "[0x9f][0x83][0x89][0xcf][0x90][0x86][0x98][0x1d]XZZ[0x7]Z}[0x83][0x96]rh[0xe4]1[0xa4]MY4=[0x95][0xc5][0xc]yG[0x16]4[0xeb][0xe2][0xf6][0x12]x[0xb8][0x8b][0xe8][0x92][0x13]Z[0xc6]P[0xa3]'d[0x6][0x1a]N#:[0xe4][0x7][0xcc][0x99][0xe0]3[0x8c][0xa0][0xce][0xc][0x8]6[0xc1][0xc][0xc8]b[0x13][0x85][0xa4][0xc4]"[0xd0][0x8d][0x9][0xd0][0x16][0xbe]1[0xb1][0x87]k[0x9a][0x98]#][0xf8]Dm[0xb3]-[0xb0]T7[0x98][0x8e][0xcf]I[0xac]T[0xc8]H,V[0xc8][0xcb]W -[0x84][0x91][0xaa][\n]"
17:03:26.216 [main] DEBUG org.apache.http.wire -  << "[0xb][0xd0][0xf2]+h[0x8][0xc1][\n]"
17:03:26.216 [main] DEBUG org.apache.http.wire -  << "[0x8]Z[0xd9][0x84]h[0xea][0xf][0x9a][0xb6][0x8a][0x5][0xd2]l[0xfd] r[0x14]b-[0xb][0xad][0xe3][0x4]1[0x4][0xed][0x11][0xa0][0xe0][0x9c]_[0x94][0xaa][0x90][0x89]e[0xc6]2'[0xb5][0xa0]$[0xbf]@[0xa1]$[0xb5]()1[0x13]4[0x86][0x7][0xcd]-[0x96] @[0xd4]~([0x13][0xb][0xa4][0xab]z[0x15]0[0xcf][0xc3][0xa7][0x8a][\r][0x88]a[0xbc]![0xb6][0xf2][0xc2][0xc4][0x2][0xf3][0xe0][0xb][0xcc]ycjT[0xd1][0xc6][0x96][0xe6][0x88][0x16][0x1]Mg[0xdb]A{[0x86][0xa0][0x5][0xcb][0x10][0x8b][\r]cK[0xd0][0xf2]W[0xa8][0xdb]i2[0x83][0x8f]([0x9]ib<[0xa2]WJ[0x13][0xe3][0x11]m<Z[0x18]o[0x89][0x8][0x1c][0x9a][0x16]~[0xc6][0x96][0xf4]j=[0x1a]["[0xb5][0x1e]i[0xed]'D[0xe4][0xd0][0xda]&:UR[0xc6][0x96]$[0xb5]5)i[0xc][0x81][0xdb]~[0xd0]|O[0xd3][0xd0]31@j<[0xd2][0xda]&[0xba][0xcd][0x93][0x1a] [0xea]_Z[0xfb][0x89]Ne[0x84][0x89][0x1][0xd2][0xc9][0x95][0xb4][0xf6][0x13][0xa2]^[0x1e]b[0xf5][0xa5][0x89][0x1][0xd2]8[0x1c][0xf6]V[0xf4]@[0x1e][0x9b]db[0x0][0x9a]w[0x83]fk[0xec][0xce]CL$[0xe1]_[0x86]G[0xc5][0x1e][0xb4][0x1][0xd2][0xa8][0xd7][0x90][0x8b]o[0xd0][0xe6]sh[0x80][0x12][0x9f]+[0x10][0x81]L[0xf4]x[0x92][0x1]hA9},[0x1a][0xc2][0xb9][0xf]i[0xc3][0xf0][0x90]KI[0xa0][0xfd][0xf7]t[0x89]`[0xe4])u[0x82][0xe3]j[0xb0]F[0x4]9I[0x16]iZ[0x9d]J[0xcb]S[0x90][0xe6][0xc4][0xa9]e"[0xa2][0xfe][0xa4][0x96][0x89][0x88]>[0x7]mK[0x4][0xa4][0xa9]u[0x1a][[0x84]hI[0xf][0xbd]\[0x85]h[0x9b][0xd3]kA[0x13][0xa2][0x95]I[0xbd][0xa5]<[0xa6][0xb8][0xf]d7@[0x9a][0xce][0xa7][0xf6][0xe8][0xab][0x1][0xd2][0xcd][0x8d][0xb4]Mc&[0x88]x[0xa2]~W[0xda][0xc4][0x0]y[0x1f]+[0xd1]e[0x1e][0xd1][0xd3][0x9]H[0xa3][0xc8][0x6]HK[0x6][0x88][0xf]1[0xf2]l[0xc2][0x9c]~#i[0xbc][0x9a][0xc8]%<[0x6]H[0xbb][a'-@O[0x1c][0xc2][0xbe]%3[0xb0]43Q!5[0xbf]X[0xa1][0x8]2[0xc1][0xaf][0x90][0x97][0x9a][0x9c]Z\[0xc][0x9e][0xef]O*-VH+M[0xcf]L,QH[0xcc][0xcb][0xcc][0xcd]D[0x9a][0xea]'[0xf6][0xd0]u[0x13][0x3][0xa4]M[0xb0]d[0x5]1[0xd1][0x1e]G[0x94]{d[0xd9]C|[0xe3][0xe][0xe9]Hi[0xa4][0x93][0x5]`K(0v[0xf5][0x2][0x0][0x0][0x0][0xff][0xff]"
17:03:26.216 [main] DEBUG org.apache.http.wire -  << "[\r][\n]"
17:03:26.216 [main] DEBUG org.apache.http.wire -  << "B7F[\r][\n]"
17:03:26.216 [main] DEBUG org.apache.http.wire -  << "[0x82][0xdc]e[0xed]Z[0xa1]PX[0x9a][0x98]Z[0x94]X[0xa2]P[0x96]Z[0x4][0xe]^r[0x8e][710E[0xc]}[0xd3][0xd8][0x9f]H[0xbb]8[0xe1][0xbb][0xf1][0xc1][0x9b][0x19][0x15][0x9c][0xf3]s[0xb]JKRA[0xdb][0x80]P[0x97][0xf]:[0x16][0x17][0xa4][0x16]e[0xe6][0x17][0xa5][0x16]+[0x80][0xcf]s[0xcf]ONNLMN,[0xc9]T(,%/[0xf9] [0xef][0xee][0xa4][0xd9][0x8a]Sj[0xf6][0x8f][0x90]&[0xa6]h[0xb9][0xdc][0xdf][0xc][0xd1][0x14][0xa2][0xa9]5[0x88][0xf6][0x11]M[0xad]Atc[0x90]O[0x99][0x0]oN[0xc6][0x91][0xa1][0x1c]K[0xa1][0xb][0x90]Rs[0x15][0x8a]R[0xb]RsrR[0xf3]RJ[0x91][0xf3][0x14][0xf1]e[0x14][0xd2][0xae]N[0xcf][0x0][0xf]?W[0x5]CS[0x85][0x80] [0x8c][0x12][0xda][0xc3][0xd5][0xcf]=[0xc0][0xdf][0xf][0xd1][0xbe]6[0x1][0xd5] [0xc4][0xac][0x8d]5@:[0xcc][0x9d]fv [0xed][0xe4][0xa4][0x9d][0x1d][0x88][0x8a][0x8c][0x86][0xf3]0&[0x6][0xe6][0x88]Q9[0xda][0xda][0x83][0x94][0xc2]iw[0xa7][0xa5][0x89][0x1][0xe8][0xac]$h[0x8f][0x91][0xa6][0xfe][0x1][0x9d]l[0xb][0xb5][0x87][0xc6][0xf5][0x3][0xd2][0xbe]T[0x9a][0xa5]6[0xd0]qVP[0xdf][0xd0][0xce][0xe]DJ[0xa3][0x9d][0x1d][0x88][0xe2]z[0xf0][0xc][0xe5]!m[0xf8][0xa5]e[0xe1][0xe]:i[\r][0x1a][0x87][0x83][0xc7][0xef][0xc4]\[0x8c][0x85]([0xe6][0x89]o[0x1c][0xd2]k[0xf7][0xac][0x89][0x1][0xd2][0x84][0xe3] [\n]"
17:03:26.216 [main] DEBUG org.apache.http.wire -  << "V[0xa4][0x8a][0x9c][0xe8][0xae][0x1b]Y[0xe1][0x8c]h[0xee][0xf]"[0xdf][0x93][0xd3]6'[0xc3][0xf7][0xe0]s[0xbd][0x7][[0x96]2D:[0xbd][0x9c][0xf8][0x9a][0x87],[0xdf]#[\n]"
17:03:26.216 [main] DEBUG org.apache.http.wire -  << "l[0xe2]-"[0xa7][0xd7]n[0x8]:yi[0xf0][0x85]39y[0x8c]<[0xef]#2[0x19][0xad]jFC[0xba]-[0x19]4D[0x9a]N[0xb]([0xca]O)M.Qp,[0xcd][0xc9]LT[0xc0][0xdc][0x8f][\r][0xba][0x80][0xb2][0x0][0xaa]&[0x11][0xae][0x6][0xba]z[0x8c][0xc8][0x11][0x9]C[0xa4][0x99]2[0xfa][0xd8][0x87]h[0x99][0xd3]8[ [0x1d]r@[0x1f][0x9f]!2<}[0xec]C[0xb4][0xd6][0xe8]c[0x1f][0xa2][0xf]B[0x1f][0xfb][0x10]%[0x88]SQbr*[0xf6]C[0xd6]SR[0x15][0xf2][0xd3][0x14]22[0xd3]3@CW9[0x99]%[0x95][\n]"
17:03:26.216 [main] DEBUG org.apache.http.wire -  << "[0x5][0xa9][0x89]E9[0xc8]E[0x9]h[0x87]>1[0xdd]_C[0xa4][0x15][0xf6].a.[\n]"
17:03:26.216 [main] DEBUG org.apache.http.wire -  << "[0xde][0x99][0xb9][0xa9]%[0xc5][0xa5][0xa0]5[0xc0][0x91][0x89][0x99]I[0xa0][0xbd][0x8a][0xa8]#I[0x88]z[0xc1][0xd0][0xc8][0x0][0xbc][0xc0][0x5]n[\r][0x9e][0xe1]uC[0xa4]S[0x10]@[0xd6][0xf8][0x96][0xa6][0xa7][0xe6])[0x84][0x14]%fbnu[0xc5]c[0x83][0x1][0xee][0x1]|CCD[0x1d]O#[0x1b]@a[\n]"
17:03:26.216 [main] DEBUG org.apache.http.wire -  << "[0xad]the[0x3][0xa2][0xa4][0xa0][0x95][\r][0x88]y[0x95]A[0xd3]<3D[0x9a][0xfe][0x1f]D[0x8e]B[0xe4][0xc5]A[0xe4]([0xc4][0x4][0xf][0x8d][0xab][0x12][0xa4]E[0x0][0xd8][0xbd]?[0xa0]Kp[0xc][0x91][0xa6][0xdf][0xb1];[0xf]Q[0x8a][0xd0]m[0x9][0x8e]![0xd2]T=vG[\r]p[0x98]!jO[0xec][0xce][0x1b][0x90]0CT[0xb1][0x90]-[0x88][0x18]c[0xbb][0xd8]v'[0x92]~g[0xb4]!Y[0x13][0xfd][0xc8]U*h[0xd9]([0xbc][0xae][0xc3]W[0x13]![0x9d]t[0x8e][0xb9]1[0x81][0x1a][0x8b][0xee]M[0xc][0x91][0xe]$'[0xab][0x1c] [0xb6][0xa9][0x8c][0xb4]{[0x94],{[0x88][0x1e][0x9f]1D:[0xd7][0x85][0xd6]6!*YZ[0xdb][0x84][0xa8]lim[0x13]"[0x17][0xd1][0xda]&[0xba][0xd5]@HgY[0x13][0xf6][0x13]i[0x1b][0xd6][0xa8]8[0xaf]h[0x88]4[0xb1]O[0xd8][0x99][0x14],[0x4]3[0xa4]t[0xc2][0x9e][0xf8][0xbc][0x88]t[\n]"
17:03:26.224 [main] DEBUG org.apache.http.wire -  << "[0x0][0xf1]^"[0xab][0xa8][0xa4][0xdb][0xa4][0xb9]![0xd2][0xa4]9[0x8d][0xfd][0x84]43[0xe][0xb5][0x9][0xcb]FQ[0xd0]^[0xcb][0xf2][0xcc][0x92][0xc][0x85][0xac][0xd4]b[0xc4][0x8e]Kb+`[0xa4][0xa5]2[0x86]H[0xa7]#[0xd0][0xb6][0x2]E[0x9a]@[0x1f]j[0xb][0xd8][0xc][0xcd]H)[0x1f][0x7][0xae],A[0xda]=[\n]"
17:03:26.224 [main] DEBUG org.apache.http.wire -  << "M:xv[0xed][\r][0xa0]3[0x11][0xc3][0x8f][0xd8][0x1b][0x92][0x3][0xdb][0xce]E[0x9a][0xd1][0x87][0x86]"[0xd1][0x19][0x10][0xa9][0x10][0xc3][0xdf]m@[0xce][0x81]H[0xb3][0xfb][0xd8][0x83][0x83][0xd8]lM[0xcd]j[0x9]i{,[0xa9][0x81]@[0xac]sQ[0xc2][0x0][0xd1][0xd4][0x19]r[0x85][0x3][0xd2][0x8a][0x6]hP[\r][0xca]\[0x87][0xb9][0xa5][0x97][0xe8]dMV[0x8c][0xe][0x8d]"[0x13]i[0xfb][0xf1][0xd0]Kx[0x88]rtP'<R[0x9a][0xfc][0x3]W+[0x99]#[0x6][0x80][0x87]\J iq[0xd0][0xc0][0x5]1[0xd2][0xca][0xa2][0xc1][0x9c]`[0x91][0x16]'[\r][0xbd][0x94][0x80][0x98]R[0xa3][0xd9][0xd4][0xae][0x5]b [0x10][0x1a][0x8d][0x86][0x18][0xa3]n[0xf8][0xc6][0xa9][0xf0]7[0x8d][0xa8][0xd9][0x8a][0xb1][0xc0][0xa8][0x84]0][0x8a][0xa8][0xdc][0xf0][0x8d]jQ[0xd5]U[0x88][0xa9][0x1][0x8f][0x2][0x85][0xb0][0xcc][0xb2]|[0x85]H##[0x8c] [0xcc]M[0xcd][0xcd][0xcc][0xc9][0xcc][0xce]T(.H-[0xce]L[0xcb][0xcc]N,[0xce]T[0xa8]L[0xcc]KWH,@>[0xf5][0xc4][0x18]4[0x8f][0x86][0xf7]47[0xe4][0x96][0x16][0xd2][0xaa]-h[0xe4][0xd1][0xb4][0x19][0x80]y;[0x4]m[0xad]C[0x14][0xe2]P[0xdf][0xe1]i[0x8b][0xc1]FS[0x90]Z[0xed][0xc4][0xf]r[0x10]}E[0x4][0xbe]n[0xba]1[0xd1][0x83][0xc2][0xc4][0xac]k[0xc3][0x97][0xe7]H[0xf0][0x18][0xa2])N8[0x8][0x7][0xae].[0x1]][0xfa][0x5][0x9d]M[0xc5][0xef]L*[0x85]?F[0x99][0x87]'a[\r]`[0xa8]`[0x14]x8[0x9c]I[0xa5]PA[0x94]d[0xf8]#[0x1]t.[0xd8][0x0][0x86][0xca][0xd0]h(#[0x9d][0xb5][0x87]} `@[0xc7]E[0xc0][0xdb].[0xa0]9nP:[0xf]Qnaw[0x1e][0xa2][0xa2][0xa7][[0x3][0xc4][0x8][0xe9][0xc][0x12][0xec][0x8e][0x1a][0xe0](E[0x14][0x17][0xd8][0x9d]7 a6$[\n]"
17:03:26.224 [main] DEBUG org.apache.http.wire -  << "[0x15]#[0xa4]CF[0x6]q[0xd9]g[0x84][0xb4][0xe][0x13]{[0x14][0xf]l[\n]"
17:03:26.224 [main] DEBUG org.apache.http.wire -  << "DZL[0x9][0xb9][0xb0][0x17][0xb2][0x13][0x11][0xdb][0x5][0xba]N9[0x89]y)[0x99]%[0x99][0x99][0xc5][\n]"
17:03:26.224 [main] DEBUG org.apache.http.wire -  << "[0xc9][0xa5]9[0x5][0x89][\n]"
17:03:26.224 [main] DEBUG org.apache.http.wire -  << "[0xa9]y[0x99][0xb9][0xa0][0x8d][0xac][0x89]H[0x1b]XA7Y[0x10]3[0xcb]n[0x84]tu[0xd4][0xa0][0xc][0x17]D?[0x8e]6K[0xb9][0x8c][0xc][0x11]-[0x9a]A[0x19][0x0][0xc4][0x96][0x2]Ti[0xc9][0x18][0xa1][0xad]c[0xa4][0xfe][0x2]C#[0xa4]%[0x8c][0x83][0xb9][0xbc]@Z[0x7][0x89][0xdf][0x99][0xd4][0x9]w[0xa4]E[0x91]t[0xb1][0xe][0xb1]x[0xc3][0x17][0xb4][0x18]<8?9[0x19][0xcb]~[0xe7][0xe4][0xfc][0xa4]D[0x85][0xe4][0xa2][0xd4][0xc4][0x92]T[0xcc][0xbb][0xbb][0xf0][0x9f][0x9c][0x8e][0xd4][0xd7]6B[0xba][0x13][0x8a]J[0xb6][0x19][0xe2]^[0xc1]jd[0x84](2hpz[0x83][0x11][0xd2]*KRc[\n]"
17:03:26.224 [main] DEBUG org.apache.http.wire -  << "[0xa9][0x83][0x8d][0xbf][0xe9][0x85][0x12]x[0x88][0xb6][0x9][0xd4]>[0xcc][0xb1][0x1b]|=^[0xfc]6Qq<[0xc7][0xc8][0x8][0xa3][0xa8][0xc2]t)[0xa2]!E[0xa7]Q&#[0xa2]/[0xef][0xa2]RFF[0x8c][0xf2][0xf][0xc6][0xea][0x84][0xe8][0x83][0x9d][0xa8][0x13][0x1a]H[0xeb]KiT}#-[0x16][0xa5][0x95][\r][0x88][0xf2]dP[0xc6]([0xa2]|[0x18][0x94][0xce]C[0x8c]9P[0xfb]@ #[0xa4][0xe5][0x9b][0xd4]7[0x9b][0x94][0x11][0xd4][0x1][0x1b][0xd2]1[0xa2][0xdb]zO#[0xa4][0xfb][0xfd][0xa0][0xf5][0x90])[\r][0xef][0x90]02!4[0x8c]1[0xb0][0xfd]5[0x13]D[0xaf][0x1][0x16][0x1a][0x18][0x13][0x17][0xe0]Z[0x99]:[0xe5][0xa8])[0xa1]L[0x8e][0xa8]W[0xe9]W[0xdf]c[0xae][0xd0][0xc3]1[0xc8][\n]"
17:03:26.224 [main] DEBUG org.apache.http.wire -  << "[0x1a][0xf5][0xa4]d[0x92][0xc1][0x8]i[0xcd][0x1c]=B[0x1b][0xe9][0xf0][0x99][0xc1]X[0xa4]"[0x1d][0x83][0x9e][0x92]Z[0x9c]\[0x4]=[0x84]IG[0x9][0xd7][0x16]3|M-[0xe4][0xa6]&[0xd2][0x84]&[0x95][\r]F$_[0x1a]U[0xd2]Hg=P[0xd9][0xe9][0x88][0xfa]kP[0xa6][0x5]D5[0x85][0xdd]y[0x3]Q0 [0xcd][0x9]bw[0xd4][0xc0][0x96][0xdd]HgX`w[0xde][0x80][0x84][0x19][0xa2][0x95][0x89][0xbf][0x88][0xa3][0xb8]0[0xb5]DT][0xd8][0xbd]?[0xc0][0xb1][0x83][0xe8]Ebw[0xde][0x80][0xc4][0xe][0xa2]WG[0xeb][0xd8]![0x94][0xa1][0x7]4v[0x8c][0x91][0xe][0xc8][0x1f]4[0xb1]c[0x8c]t2[0x7]m[0xaa][0x17]c[0x82][0x7]e[0xc]p[0xac] [0x92]'[0xad][0x2][0x0][0x91],id[0x3][0xd2][0xc][0x8][0xad]l@[0xc]z[0xd2]``[0xd0][0x18][0xe9][0xd4][0x8][0xec]Yc`[0xd3][0xc8][0xe0][0x9e][0xe7]06[0x1c][0x84][0xc5][0xbe]1[0x96][0xb9][\n]"
17:03:26.224 [main] DEBUG org.apache.http.wire -  << "[0x1a][0xf6]y[0x8d][0x91][0xe6][0x1c][0x6]c[\n]"
17:03:26.224 [main] DEBUG org.apache.http.wire -  << "2B[0xe4][0x1f][0xec][0xce][0x1b][0x80][0x9a][0xd9][0x18]in[0x81]F[0xc5][0x6][0xd2]|[0x82]GjbY[0xa5][0x82]KiI[0xa5][0x2][0xf4][0xd4][0xe1][0x80][0x9c][0xc4][0x92]T[0x8c][0x9e][0xbf]ciIj.[0xfa]Q[0xc3]E[0xa9]E[0xa5][0xb9]HS[0xb4][0xe0]S[0xae][0x88][0x99][0xa3]5F[0x9a]rp,O-[0xce][0xcf]MU[0x8]H,H-Rp[0xce]O[0xc4][0xbc][0xed][0xd6]5[0xbf]X![0xb3][0xa0][0xb8]4W![0xb3]$[0xb1][0xb0]4U!'1)[0xbf](3[0xbf]81W![0x15],[0x90]Z[0x2][0x9a].[0xce],![0xc7]1[0xa6][0xc6][0x88][0xbe][0xdc][0xa0]I[0x5][0xa6]H{[0xc5]i[0xdb]>3E[0x1a]s[0x1c]D[0xde]G[0xd4][0xce][0x83][0xc7]QHC[0x93][0x83][0xc8]Q[0x83][0xb0][0xc]3%8[0xd6]9[0x0][0x5][0xab])[0xd2]i[0xfb][0x83]([0xfa][0x10][\r][0xdd]A[0xe4][0xa8][0xc1][0x98][0xfb][0x90][0xf6][0xd3][0xf][0x9e][0x90]2E[0xc]=8[0xa6][0x16][0xe5][0xa7]T[0xe6]%[0xe6]f&+@[0xd6]:9[0xe5][0x97][0x94][0xe4]`[0xd6][0xa5][0xa0][0x1a]2?/[0x15][0xb2][0xca][0x9][0xbc][0xd4])/3#3G!9[0xbf][0xa8][0xa8][0xb4][0xa0]$S!%?[0x7]|"{n"[0xe4]d[0xf6]T[0xf2][0xea]5[0xa4]c[0xef]i[[0x85][0x98]!u[0x14]`6[0xe9][0xe2][0xd8][\r][0x80]c[0xb0][0x7][0xff][0xd2][0xb][0xe8][0x9c]>[0x95].[0xad]7[0xc4][0x1c][0x98][0x1a][0xcc][0x17][0xab]#R[0x18]<l1[0xcf][0xf1][0x7][0xcf][0xcc][0xc][0x86][0xb0]E[0x14]g0[0xd7][0xd2][0xb0]a[0x86][0xd4][0xbf][0xa0][0x83]u[0xe6]H[0xc3]20[0xeb]0Z[0xca][0xf8]b[0x82][0xe8][0xbd][0x1a][0xe6]H[0xd7][0x1]z[0xe6][0x95][0xa4][0xe6][0xe4]d[0xa6][0xa7][0xe6][0x95]([0xb8][0x15][0xe5]W[0xa5][0xe6])8g$f[0x16][0xe9]&[0x91]d7q9[0xcc][0x12][0xa9][0xdd][0x9]95B7[0x1f][0xc3][0x1a]l[0x7]/[0xd5]"M[0xbb][0x98][0x1b] [0xba][0xbe][0xb4][0xe]'[0xc4]d[0x6][0xcc]&[0x1a][0xa6]7s,E[0x7]F[0xe8][0x80][0x13][0x0]U&I-[0x90][0xe]@[0x85][0xf9][0xe][0xbb]u8r>[0xd1][0xe9][0xcd][0x2]i[0xac][0x8a][0xd6]6![0xda][0xab]0[0x9b]h[0x18]c[0x16]X[0xaa]&[0x9a]Z[0x87][0xe8]K[0xd2][0xc5]w[0xf4][0xca]h[0x16]H=v[0x98][0xc7]h[0x94][0x14][0xc9][0xba][0x8a][0x11]i!"[0xf1][0x89][0x1e][0xe9](C[0x1a][0xfb][0x9][0xe9]f=Z[0xdb][0x84]Y[0x1][0xd3]([0x9e][0xe8]v[0x4][0x9c][0x85][0x9][0xa2][0xc1][0xe6][0x9b][0x9a][0x92][0x99][0x9f]\[0x94][0xaa][0xe0][0x93][0x9a]X[0x92][0x91]Z[0xa4][0x80][0xe3][0xb2][0x99][0x90][0xfc][0x12][0xf0][0xe0][0x90]Bi^J*[0xf8]j#[0xa4][0xa1]![0x90]y[0xa0]Fx^z[0xb1][0x92][0x15][0x9e][0x3][0xfb],[0x90][0xae]M[0x83][0xec]a[0x8][0xcf][0xcf]OI[0xcd]S[0x8]H[0xcc]+[0x1][0xa5]8[0xd4][0xe5][0x9][0xae][0x15][0xa0]Q[0xaa]D[0x85][0xfc][0x94][0xcc][0x12][0x85][0x9c][0xc4][0xd2][0x94][0xc4][0xbc][0x92][0xcc][0xd2]\[0x85][0xd4]b[0xe4][0xf6];h*[0x99]([0xcb][0xcd][0x11][0xeb][0x85][0x14]0[0x8f][0xb]Dt[0xa0]-A@G[0x89]83[0x11][0xe5][0xc5][0xa0][0xe9]C[0x19]![0xdd][0xb0][0x87][0xdd]Q[0x3]:[0xcd]`Dp[0xd8]`[0x80][0x9d]G[0xa8][0xaf]>[0xb0][0xce]C:[0xac]o0F.[0xd2][0xd9]y[0x83][0xd2]y[0x88][0xfc][0x8a][0xbf][0xde][0xa0]J{[0xd3][0xc8][0x14][0xd1][0x9a][0x1e][0x94][0xa1]A([0xa9]#[\n]"
17:03:26.224 [main] DEBUG org.apache.http.wire -  << "E:[0xae][0x19]4[0xd0]Q[0x82]n[0x9e][0xc5][0x1f]E[0x94][0xb6][0xd1][0x8d][0x90][0xe][0x81][0xf3][0xcd]/-[0xc6][0x1c]X[0x2][0xf7]<pXC[0xec][0x8a]93D[0x12][0xa0][0xa1]%[0x88]F[\n]"
[...]
17:03:26.226 [main] DEBUG org.apache.http.wire -  << "e[0x99]%[0x89][0xa9][\n]"
17:03:26.226 [main] DEBUG org.apache.http.wire -  << "[0xc5][0xa5][0xc5][0xc9][0x99][0x5][0x99][0xb0][0xdb][0xa8][0x8b][0x15][0x12][0x93][0x14]r2[0x93]R[0x8b][0xf2]q[0xba][\n]"
17:03:26.226 [main] DEBUG org.apache.http.wire -  << "O[0x85]ml[0x8c][0xa8][0xe1][0x90][0xa7][0xea][0xdc][0x8b][0x12][0xf3]2KR[0x15]p,[0x2][0x8],[0xcd]T(.[0xcd]+Q[0xc8][0xcd][0xcf]I-.[0xc9]LL[0x85][0xb3][0x8a]q\[0x8f][0x8d][0x1a]Px[0x9d]D[0xa8][0x98][0x1a][0xd8][0x8a][\n]"
17:03:26.226 [main] DEBUG org.apache.http.wire -  << "i[0x1d][0x95][b^IbqIf[0xb2][0x82]s~^rQj[0x9][0xae][0xa8][0xc]B[0xdc][0x18][0xae][0x90][\n]"
17:03:26.226 [main] DEBUG org.apache.http.wire -  << "JK[0xa9]%[\n]"
17:03:26.226 [main] DEBUG org.apache.http.wire -  << "[0x85][0xa5][0xf9])[0xa0]{[0xea][0x13][0xa1]+&rAk[0x3][0x13]S2[0xb]2[0x8b][0x93][0x91]/[0xaf]G[\r]8<[0xb7][0x91][0x19]#m[0x9][0xc5]^V[0x11][0x13]p[0x0][0x0][0x0][0x0][0xff][0xff]"
17:03:26.226 [main] DEBUG org.apache.http.wire -  << "[\r][\n]"
17:03:26.226 [main] DEBUG org.apache.http.wire -  << "341[\r][\n]"
17:03:26.226 [main] DEBUG org.apache.http.wire -  << "RrN,IM[0xcf]/[0xca]L-V[0xb2][0x8a][0x86][0xae]]02E2[0xdb]=173/[0x1d]c\[0x1e]a[0xb8]BAiQA~qj[0xb1][0x12][0xf2][0xbc][0xaa]1h[0xe0][0x1a]:[0xd6][0x0][6[0x9]][0xb5][0x89]=[0xf3]9[0xa5]&[0x82][0x12]<4[0xcf])[0xe0][0xc9]v[0xe8][0xae]F[0x9a][0xcd]5F[0xda][0x19]:([0x3][0x5]1FF[0xa3]F[0xc9][0xe0][0x1e][0x1]66At[0x80][0x6]c[0xfc][0xc][0xee][0x11]`c[0xa4][0x11]`[0x9f][0xcc][0xf4][0x8c][0x92][0xf2]T[0x10][0xa9][0x10][0x9e][0x9f][0x9f][0x3]Yg[0x81][0x91]M}@[0xab][0x8f]S[0xe1]5Kj[0xb1]B[0x12][0xfc][0x0]+[0xa4][0x1a][0x4][0xd4],#fR[0xc6][0x18]i[\r][0x19][0xf6][0xf8][0x1b][0x88][0x6][0x12][0xd2]U/4[0xca]UH[0x83][0xcd][0xb9][0x89][0x99]y[0x89]y[\n]"
17:03:26.226 [main] DEBUG org.apache.http.wire -  << "[0x89]y[0x89][0xd9][0x18][0xa1]]\[0x92][0x9a]Z[0x94][0x99][0x97][0xae]P[0x9e][0x91][0x9a][0x9a][0x83][0x8][\n]"
17:03:26.226 [main] DEBUG org.apache.http.wire -  << "[0xe2];[0x86]H[0xeb][0xe0][0xb0][0x87]/[0xa2][0xdc]E[0x18]O[0xb7][0x1]dc[0xa4][0xb]h[0xb0];o@[0x1c][0x85]X[0xa5]A[0xa3][0xe8]G[0xba][0x9e][0x86]V6 [0xa6][0x8d][0xa9]yi*[0x9e][0x93][0x9a][0x8c][0x91][0xf6][0xd9][0x17][0x97][0x16][0x97]*d[0x97][0xa6]$*[0xe4]d&b.[0xd8][0x3]KC[0x13]<[0xf4][0x9a]bK[0x94]3[0x83][0xf1]5S[0x90]n[0xad][0xa1]m[0xd6]A[0x9a]r[0x80][0x8e][0xde][0x98]adP[0xf8][0xc8][0x17][0xfa][0x99]![0x86][0xc4]gQ[0xa4]Y[0x7]Z%[0x6]D[0x93][0x18][0x1c][0xf4][0x14][0xc4][0xc][0xbe][0xb6][0x12][0xd2][0xbc][0x3]5[0xd3][0x1c]>+[0x91][0xe6][0x1e][0xa0]qD[0xab][0x11]6[0xa4][0x15][0x9]4[0x8a]%[0xa4][0x1b]Wh[0x19]KH[0xb3][0xb]4[0xb5][0x86][0xd6][0xf3][0x5][0xc6]H[0xf3][0x5][0xa0][0xb2]D![0xb1]21[0x17]#[0x83][0x82][0xbd][0x8][0x92]FT$[0xa8]E[\r][0xde][0xd4][0x85][0xe8][0xdd][0xd2]:u!r([0xad]R[0x17][0xa2][0xa1]Lc[0xbf] [\r][0xe2][0xd3][0xda]&D%G[0xa3]PC:C[0x85][0xd6]~A[0xf4][0xe4][0xb0][0xb7][0x84][0x6][0xb6][0xa1][0x86]t[0xe3][0x1]v[0xe7]![0xf2][0x17][0xfd]Z[0x8f][0x16][0x88]4M[0xa3][0xf8][0x7]-X[0x83][0xe]:[0xd0][0xca][0x6]Dc[0x93]^[0x95]&[0xc1][0x13]S[0x6]6[0xa9][0x11]<[0xd1][0x4]WR3[0xa2][0xe1][0xe8][0x93]%[0xcd][0xab]3KD[0x1]@[0xab][0xa4][0x86][0xa8][0xce]he[0x3][0xcd][0xab]1P7[0x81][0xa6][0x19][0xd2][0x4]t[0xe7][0xc][0xd4][0x6][0xda][0x16][0xf9]&H[0xa7][0xaf] mE[0x87][0xe][0xea][0x83][0xb7][0xb9]`4g\3K[0x8b][0x15][\n]"
17:03:26.226 [main] DEBUG org.apache.http.wire -  << "R[0x8b][0x8a][0xb]2[0x93]3[0x13]K2[0x8b]AC[0xc0]H[0xe3].[0xa0]dJ[0xcc][0xb8][0x8b][0x9][0xd2]n[0x1e][0xda][0xa4][0x5][0x13][0x9a]OI[0x9b] [0x1d][0xe3][0xe2][0x9e]_[0x94][0x9e][\n]"
17:03:26.226 [main] DEBUG org.apache.http.wire -  << "[0x9a][0x12][0x81].Rv[0xc6][0xd2][0xeb][0xf4][0x7]-M[0x86][0xef]3[0x84][0xcd][0x8d][0xa4]"o[0xe2][0x7][0xdd][0xbc]K\[0xf0][0xd1][0xba]80A[0x9a]o[0xa7]u2[0xa4]u[0xa6]5!z+[0xf]U[0x16][0xa4][0x99] [0xed][0xe7][0xa1]Q[0xda]F:f[0x9f]V6 [0xd6][0xa9][0xd0][0xca][0x6]D[0xe3][0x19][0x2][0xa3]R[0xa4] R[0x19][0xf6][0x6][0xe4][0x80]6:L[0x90]Nl[0xc7][0xee]<\[0x8d][0xe][0xf4][0xfe]#[0x15][0xa7][0xbc]L[0x6][0xe3][0x11]-[0xa6][0x98][0xc3]b4[0x1a]r1[0xc5]2[0xb8]C[0xc3][0xf9]}S[0xa4][0x11][0x9e][0x0]g[0x5]wG_O?w[0x8c][\n]"
17:03:26.226 [main] DEBUG org.apache.http.wire -  << "88[0xc0][0xd5][[0xc1][0xc3][0xd3][0xdd][0x3][0x91][0x1e],A-[0x6]bj[\r]S[0xa4][0xb5]t[0x1][0x89]9[0x89]>[0xf9]>[0x89][0x18][0x16][0xe0][0x1c]Q4[0xb2][0xb4][0x4]-[0xaa] [0xce]"D[0xe9]Ac[0x8b][0x10]K0[0xe8][0xd4]{1E[0xba][0xfd][0x90][0xc6]~C4[0x97][0xe9][0xe4]73[0xa4]R[0x8]V&[0xd3]0[0xc5][0x9b]!-iCZ[0xd1][0x2][0xdd]g[0x1d][0x90]YU[0x95][0xa8][0x9b][0x8c];[0x81]b9[0x3][0x18]s[0x9f]5[0x0][0x0][0x0][0xff][0xff]"
17:03:26.226 [main] DEBUG org.apache.http.wire -  << "[\r][\n]"
17:03:26.226 [main] DEBUG org.apache.http.wire -  << "4CB[\r][\n]"
17:03:26.226 [main] DEBUG org.apache.http.wire -  << "[0xc2][0xb2][0x1a][0x80]J'[0x19] [0xad][0x96][0x83]/[0x88][0x9][0xce][0xcc][0xc9]V[0xc0]~[0x88][0x93]g[0x9e]Br~^qjaii^Ii[0x11][0xa8][0xdd][0xc]9[0x84][0xa2][0xb0]4[0xb1]X![0xb3][0xb4][0xb8]$[0x1f]$V\X[0x9a][0x88][0xdc]"D]>[0x81]^[0xd8]#[0xad][0x14]0[0xc3]r3[0x1]M[0xe3][0xe]1[0xf6][0x81][0xbc][0xf2]&8?[0xad]D!8?[0xb1]@[0xd7]`[0xd0][0xc6][0x1c][0xd2][0xad][0x5]H[0xc9].[0xa8]4))[0xb5]H[0xc1]#[0xb1]D[0x97][0xb4][0xdd][0x1d][0xf4]Lt[0xa0][0x12][0x18][0xda]9[0xf4]H[0xcc]K[0xc9]MLI[0x5][0xa5]7[0xf0]"[0x9e][0xe0][0x8c][0xfc][0xd4]b][0xcc][0x1b]O[0xe1]%:[0xf9][0x19][0x6]i[0xed][0xb][0xf4]`[0x2][0xcc][0x83][0xc2][0x8][0x1d]L`f[0x8c]([0xab][0xe1];I!g[0xb5]`[0xcf]1[0xce][0xb0]#Yr3[0xf3]J[0x8b][0x15]R2[0x93]K[0x12][0x15][0x8a][0xf3]sJK[0x12]a[0xf3][0xff][0xc5]H]O[0xe2]s[\n]"
17:03:26.226 [main] DEBUG org.apache.http.wire -  << "[0xd2]B:x[0xce][\r][0xc8][0x81][0xac][0x84][0xc2][0xbe][0x96][0x7]t[0x8][0x1a][0xe8][0x88]4[0xd0]"[0xba][0xd4][0x8a][0x82][0x9c][0xcc][0xe4][0xc4][0xa4]|[0xd0][0x86]S[0xf2][0x8e]`3CZL[0x7]+gq[0xe7][0x16][0xf4][0xa9]=[0xfc]3{Tl[0xff][0x99]![0xad][0x9a][0x82]:[0x93][0xb4][0xc5][0xea]t[0x1b][0x89]5C:[0xf3][\n]"
17:03:26.226 [main] DEBUG org.apache.http.wire -  << "[0xa7]K[0x11]-&|[0xfb][0xb1][0xa8][0x19]~H[0xe7][0xec]#[0x97][0x91][0x8e]9[0xa5][0xa0]$[0x9d][0xab][0xe0][0x94][0x88][0xb9][0xe][0xcd]71=/S!/[0xbf][0xb8][0xa4][0x8]t[0xe6]^[\n]"
17:03:26.226 [main] DEBUG org.apache.http.wire -  << "h=biJfb^Jb[0xaa][0x2][0xb8][0xae][0xc8]K,)-[0x86][0x1c][0xc3][0x7][0x12]A^l[0x7][0xbe]M[0x92][0x98][0x16][0x9a][0x19][0xd2][0x12][0x13]h[0x80][0xd1][0xa8][0x15]m[0x86]t[0xda][0xfe][0xa0][0xe9][0xd9][0x98]![0xad][0x15][0x18]D[0x8e]B[0xc][0xea][0x4][0xe7][0xa4][0xa6]f+[0xc0][0x13]JHb[0x12][0x96][0xb3][0xac]\[0x8b][0x8a][0xf2][0x8b][0x14]JRs[0xb][0xf2][0x8b][0xc0])![0x11]r[0x10]#[0xf2][0xfe][0xf7][0xbc][0xd4]\[0xb2]V[0xd6][0x9a]!u[0xb3][0x6]Q[0x8]![0x9a][0xc4][0x83][0xc8]Q[0x88][0x91][0x5][0x97][0xd2]"PL[0xc1][0xf]H[0xc0][0xb1][0xfe]88[0xb3]D[0x1][0xd4][0x12][0xcc][0x4][0x1d]O[0xa0][0x90][0x99][0x93][0x3]:[0xa8][0x0][0xba][0xae]6[0xaf]4''Q!19[0xb9][0xb4]81[0xb7][0x94][0xbc][\n]"
17:03:26.226 [main] DEBUG org.apache.http.wire -  << "[0xe]i![0x4][0xe1][0xcc]=p[0xd5][0xb][0xd2][0xfe][0xca]A[0xed]L[0xa4][0xce]lQbrIfrb[0xe][0xf4][0xc4]Tp[0x93][0xb][0xa3][0xe6]v[0xad]HN-()-[0xca][0x84]Fmb.y[0x87][0xc8][0x99]![0xcd]d[0xd3]f[0x10][0xce][0xc]i~[0xd9][0xb5](=?/[0x1f]t[0x80][0x1e][0xbc][0xd8][0xf1]I[0xcc]-[0xc0][0xf0][0x9d]_jqr&h[0xf1]|j"([0xf9][0x92][0xd5][0x2]C[0xea]C[0x13][0x8e]y,[0xcd]V[0xfc]M [0xe4]^[0x91][0x5][0xa2][0xc4][0x8]*[0x5]7[0x93][0xa1]#[0xf4][0xd8][0xdb][0x9c][0x81][0xa5][0x99][0xe0][0x1e][0x98]Bn~[\n]"
17:03:26.226 [main] DEBUG org.apache.http.wire -  << "8w"y[0x8f][0xe8][0xca][0xd5][0x1c][0xe9]vX[0xda]z[0xcf][0x9c][0xe8][0x91]mJw[0xf8][0x99]#[0x1d][0xf8]Mc?a[0xe]B[0x98]c$B|}[0x1a][0xa2][0x13][0x87]9[0xd2][0xf8]&[0xd4]O[0x16][0xb4][0xb2][0x9]Q[0x86][0xc][0x9a][0x8a][0xcb][0x1c][0xe9]X)[0x8f][0x2][0x85][0xb0][0xcc][0xb2]|[0x85]H#[0xcc][0xfe]cnjnfNfv[0xa6]BqAjqfZfvbq[0xa6]Beb^[0xba]BbA&h[0xcd]0t[0x9][0xa5][0xb1][0x1][0x18][0x10]w[0x1a][0x8e]9[0xd2][0xd8][0xf][0xad][0xc3][0x1e]1[0xb1][\r][0xb5][0x89]FM]s,C0[0xd8][0xd3][0x13]U[0xa6]4[0xcc][0x7][0xe3][0x86]Hs[0xa4][0xc1][0x15]g[0xd0]}[0xaf])[0xa5]9[0xa5][0x18][0x81][0x0][0xba]$6#1[0xaf]2[0x11]4[0x97][0xc][0xba][0x16]61O[0xa1] [0xbf][0x18]4[0xa8][0x0]ML[0xa6][0xc4][0x1f][0xac]d[0x8e][0xb4][0xc9][0x91][0xc6][0x11][0x8c][0xbc]s[0x11][0xb4]c*%[0x13][0xb4][0xff][\r]:c[0x8e][0xbd]Fq[0xce]/([0x0][0xdf][0x85][0xb][0xf5][0x98][0xa5]![0xa8][0xaf]JL[0x1f][0xcd][0x1c]i[0xb0][0x7]yw[0x4]t[0xc7]_jeR~bQ[\n]"
17:03:26.226 [main] DEBUG org.apache.http.wire -  << "F[0xd8][0x82]6O [0xba][0xba][0xc6][0x96][0x96][0x16]D[0xe6]H[0xa4][0xf1][0x19][0xd8][0x6]'[0xa8][0xcf][0x9c]R[0xf3][0x92]30,[0x82]m[0x1a]CXff[0x8]ZXN[0x9c][0xdf][0x10]}[0x1d][0xf8][0xdc]9l[0xc][0x6][0xfb][0xd2][0x3][0xe8][0x9e]>[0x84]m[0xa6][0xe6][0xa0][0xf6][0x11]q[0xb6]![0x8a][0x0][0xe4][0x8e]8[0xd4]{X[0x9b]9[0xce][0xf9]%%[0xf9]y[0x8][0xdb][0xcc][\r]@{[\r][0x89][0xb3][\r][0xd1][0xe6][0x80][0xf]t[0xc1][0xfc][0xe6][0x8d]+[0xda]0C[0xd3][0xd2][0x0]t%[0x1e]q6"[0xba] p[0x1b]A[0xe9]@[0x1]{[0x3][0x15]2[0xd4][0x89][0xf0][0x9b][0x85][0x5][0xe8]j[\n]"
17:03:26.226 [main] DEBUG org.apache.http.wire -  << "[0xe2]lB[0xc][0xfb][0xc2][0xe3][\r][0x92] [0xb1][0xde][0x1e][0x0][0x9]a$[0x9b][0xc][0x89]]!b[0x8e][0xb4]Q[0x11][0xa3][[0x85]e[0xdc][0x4][0xdd]OF&[0xa0][0x9d]cD[0xf9][0x9]i[0x98][0xb]9[0x9f][0xc1][0xa2][0xcc]9'?[0x19]T[0xcd][0xa1][0x1e]8[0x7]k$#[0xfc]fb[\n]"
17:03:26.226 [main] DEBUG org.apache.http.wire -  << ":%[0x9b]8[0x1b][0x91][0xe6][0xbe]+[0xf3]R[0x8b][0xd2]3[0xc1]MSHh[0xe1][0xda][0xb5][\n]"
17:03:26.226 [main] DEBUG org.apache.http.wire -  << "[0x9a]\@[0xd8]fj[0x0]Z[0xe0]B[0x9c]m[0x88][0xbc][0x86]4[0xde][\r]m[0x7]c[0x8d]6[0xe8][0x1][0x8][0xdb][0x8c][0xc0][0xc7][0xef][0x12]g[0x1b][0xf6][0xbc][0x6][0x89][0x1f][0x85][0xe0][0x8c][0xcc]"P1[0x8f][0x1a][0x98][0x10][0x8f]#[0xac]31[0x2][0xad]M"[0xce]:DfC>[0x4][0x1c][0xea][0x3][0x5][0xec]#'[0xe8][0x85][0xb2][0x91])h})q[0xf6]![0xb2][0x1a]rb[0x81]%[0x7][0x1c][0xc7][0x13]B|[0x8f][0xec]A[0xd0][0xd6]7<[0x16][0x2][0x0][0x0][0x0][0xff][0xff]"
17:03:26.226 [main] DEBUG org.apache.http.wire -  << "[\r][\n]"
17:03:26.226 [main] DEBUG org.apache.http.wire -  << "62F[\r][\n]"
17:03:26.226 [main] DEBUG org.apache.http.wire -  << "[0xd2][0x81][0x8e]C[0x9a][0x98]#[0xed]0Dl[0xd8][0x5][0xa5][0x5][0xac][0xc3][0x87]0w [0xac]2[0xb3][0x4][0x9d][0x1c]C[0x94]U[0xa6][0x88][0xe3][0xb4][0x90][0xfd][0x6][0xb]K[0xe7][0xfc][0xdc][0x82][0xd2][0x12]pe[0x86][0x1a]}[0xe8]e[0xa5][0xa9][0x19][0xf1]V"[0x96][0x9f]B[0xfb]g[0x9e]E[0xf9]yX[0xbd][0x6][0xcd][0x8f][0x8][0x9f][0x99]Z[0x82][0x6][0xa9][0x88][0xf3][0x19][0xa2][0xfd][\r][0x19]Z[0x3][0x7] q[0x89][0xc3][0xd8][0x12]T[0xed][0x13]g[\r]"_[0xc3][0xaa]PHRS[0xc0][0xb6] [0xc]\n"[0xbc]cl[0x2]j[0x90][0x13]g[0xf]b*%[0x18][0xa9][0xfc][0x0][0x17][0xf9][0xd8][0xcf][0xc7]DO[0x80][0x16]&[0xa0]#D[0x89][0xb3][0xc]Q| <[0x5][0xaa][0x1c][0x15][0xc2][0x13]srR1s3d[4[0xb2][0xc7][0x88]][0xa1]`n[0x8a][0xc8][0xcd][0x90]x[0x82][0xd6][0xfa][\n]"
17:03:26.226 [main] DEBUG org.apache.http.wire -  << "[0xd8][0xb]a[0xf4]r[0xc3][0xd2][0x1c]4[0xa6]D[0x9c][0xaf][0x10][0xf9][0x18][0xa9]P[0x4]'>lq[0x5][0xbe]![0x7][0xe1]%sKKc"[0x9b]U[0xa0]5}[0xd0])[0xbb][0x0][0xb4][0xe1]#[0xec]Q[0x5])[0x98][0x11]v[0x19][0x19][0x11]]8!mg[0x84][0xe6]&p:[0xc7][0xde]~[0xc3][0xc8]OF&[0x96][0x86]Dz[\n]"
17:03:26.226 [main] DEBUG org.apache.http.wire -  << "[0xd4][0xce][0x83]z[\n]"
17:03:26.226 [main] DEBUG org.apache.http.wire -  << "[0xb9]A[0x5][0xe]>[0x1c][0xa9][0x2][0x8b]u[0xa0][0xfe]7Q[0x91][0x85]4[0x87][0x80]\0A[0xf3][0x96][0x7][0x96]k[0x8b]0[0x9b]S[0x16][0x6][0x16]F[0xc4][0xfa][0xe]){[0x81][0x7][0xe2]!Q[0x2][0x9a][0x1b][0xc6][0xd2][\n]"
17:03:26.226 [main] DEBUG org.apache.http.wire -  << "[0x6]e[0x5]Dl[0x99][0x18][0x80][0x96][0xff][0x11][0xe7]+D[0xc6][0x82][0xc6][0x16],[0xb5]c[0x9f][0x85]D[0xcf][0xc3]f[0xc6]&[0xa6][0xc4][0xfa][0x8]Q)[0xc3][0x9b]m[0x90]l[0x8a][0xb5][0xa8][0x85][0x96][0xf8]H[0xbe]2[0x1][0x1d][0x8a]O[0x8c][0xaf]L[0xe8]6Pdb[0x88][0x8]?[0xec][0x83]*[0x3][0xbb][0xa4][0xf][0xe9]H([0xec][0xce]C[\n]"
17:03:26.241 [main] DEBUG org.apache.http.wire -  << "^[0xd0][0xb2]r[0x9c][0xa1][0xb]m[\n]"
17:03:26.241 [main] DEBUG org.apache.http.wire -  << "P[0xe3][0x14][0xb][0x13][0xa4][0xeb][0xc7]h3[0xa4][0xc][0xae][0xc4][0xa0]E[0x3]m{[0xe3]&[0x98]CH4[0x1a][0xd8]1AZ[0xeb][0x83][0xdf]OT[0x19][0xd8]1A[0x1a]G[0xa2]U$!j?[0xfc][0x1e][0xa2]t[0xdc][0xd8][0x4]t[0x12][0x3]49[0xd0][0xc8]/H#N4[0xf6][0xb][0xdd][0x6][0x9a]L@-Nh[0xa8][0xc1][0xfc]D[0xc3][0xc5]\&H#M[0xb4][0x8a]$[0xa4]*5?[0xaf]R![0x80]fy[0x15]iu[0xf][0xf6]bw`k[0x5][0xd0]([0x12]4f[0x7][0xa5][0xf3][0x10][0xe3];[0xd8][0x9d]7[0x10][0x95][0x16][0xf2]PP[0x98][0x8b][0x82]oizj[0x9e]BHQb&h|[0xe][0xb5]+[0x8a]p[0x9e][0xa1][0x11]h:[0x82][0xb8][0xf6][0x91][0x9][0xd2][0x10][0x10]4[0xbf][\r][0xd2][0x95]N&[0xa0][0xd1]ch[0xfa][0xc1][0xe9]RD [0xd0]i[0xa5][0x93][0x9][0xd2][0x2]A[0xec][0xc9]f`3[0x1d][0xa8][0x9d][0xc][\r]4[0x1a][0xdc][0xd5]lb[0x82]h][0xd3][0xa8][0xf8][0x4][0x8d]eB=0([0xc3]w0[0x96][0x1a]H[0xa3]Y8s[\n]"
17:03:26.241 [main] DEBUG org.apache.http.wire -  << "[0xbe]yd[0xba][0xad]^4A:[0xa5][0xb][0xa7]K[0xe9][0x9f][0xa7]A[0xa3][0xd9][0xd0]4[0xe7]VZ[0x94][0x97]YRZ[0x94][0xaa][0x10][0x92][0x8f][0xb9]"[0x4]![0x9b][0x92]X[0x94][0xa9][0xe0][0x95]Z[0x90]X[0x4][0xda]X[0x2][0x9d][0xf1]2[0x4][0x8d]`[0xe2][0xec][0xdc] [\r]u[0x9a] [0x1d][0xc6]E[0xa3]|[0x84][0xb4]"[0x93]V6 [0xca][0x2][0x9c]qI|[0xaa]3[0xc6][0xbe][0x85][0x81]*]A[0xe4][0xb1]6H[0x93][0xc][0xb3][0xce][0x1b][0x80]T[0x87][0xe8][0x99] [0xd2][0x15]MS[0x1d][0xd2][0xa0][0x19]U[0x8f][0xf9]7[0x1]M[0xdf]A3[0x10]4)[0xd0][0xaa][0x8a]4>Fk[0x9b][0xe8][0xd6][0x8e]G:gk0VyH[0xa7]f[0x5][0x4]c[0xb9]o[0xb5][0xd8]D!)[0xb1][0x8][0xb4][0xf4][0x1]Z[0xc][0x82][0x96][0xc7][0x10][0xd9][0x1a]5C[0xe4][0x81][0xc1][0xe8]u[0xa4]}[0x91][0x83][0xd2]y[0x88][0xb9][0x9e]A[0xe9]<D[0xe][0xc2][0xee]<D[0x99]K[0xbf][0x16][0x8][0xd2]YV[0xb4]h [0x9b]#[0xa6]u[0xb0][0xfb]y`[0xbb][0x7][0xe6][0x83][0xb1][0xf9][0x8a][0xb4]Y[0x17][0xbe]K[0x9]<[0xc1][0x87]u[0xc6][0xde][0x11][0xbc]`[0x1c]r[0xe7]]~AIf>[0xf4]Xf[0xb2][0x16][0x90][0x9b][0x82]f[0xd1]`5[0x17][0xea][0xfc]"[0xe8][0x6]>[0xec][0x8b]J\[0xc1]gB[0x83][0xce][0x85]&[0xd3]ND[0xbe][0xa0]m[0x1d]f[0x8a]t[0x95][0xc][0x15]l[0xc2]sh[0xba])r[0xb6]*[0xca]O)M.Qp,[0xcd][0xc9]LT0[0xc6][0x98]G[0x2]-[0x89]+[0x80][0xaa]I[0x84][0xab][0x81][0xd6][0x1d][0xf8][0xba][0xf1]H[\r]hS[0xa4]|[0x16][0x0]5[0x8b][0xb6][0xf6]!**[0xfa][0xd8][0x87][0xc8][0xa8][0xf4][0xb0][0xcf][0xc]4A[0x9][0xcd][0x7][0xf0]i3[0xe8]\`pbNb[0xca] [0xbe][0xba][0xdc][0x8]Q[0xb][0xc2][0x12]9[\r]G[0x90][0xcd][0x90][0xe6][0x95][0xe8]b[0x1d]faAS[0xdf]![0xd2]9=|[0x87]4[0xcf][0xe0][0x9e][0x9a][0x97]Z[0x94][0x99][0xac][0x0][0x99][0xfb][0x85][0xec][0xac]&m[0x91]:][0xb7]'#[0xea]y[0xe4][0xc5]X[0xd0]j[0xb][0xc7][0xea][0xa1][0xc0][0xd2]|[0xd8][0xcd][0x14][0xa0][0x1d][0xf0][0x89][\n]"
17:03:26.241 [main] DEBUG org.apache.http.wire -  << "y[0xf9]I[0x99]d[0xd5]!f[0xc6][0x98][0xf1][0x84]Q[0xd0][0xc2];[0xdf][0x3][0xb7][0xf1][0x9][0xb4][0xf4][0x6]Z[0xac] [0x96][0x84]@[0x2][0x9][0xfb]Z[0xc3][0xbc][0xcc]\[0xf0]n[0x14][0x85][0xfc][0xdc][0xbc][0xcc]b[0x85][0xc4][0xd2][0x12][0xd0][0xd6][0x1b][0x85][0xfc][0xe4][0xe4][0xc4][0xd4][0xe4][0xc4][0x12][0xe4]-[0xa0][0xc4]o[0x83]F[0x1a]U[0x87]%[0xea][0xc1][0x18]XHC[0xcb]Pgb[0xe]S[0xc0][0xe3][0x14][0xcb]^![0xba]5[0xa2][0xcd][0x90][0xee]j[0xc0][0xe9]RD[0xe3][0x1e][0xb9]NGoCPq[0xc6][0xdf][0xc]i[0xec][0x1b][0xea]*[0x1a][0x8d]B[0x98]![\r][0x83]co[0xe5]#<O[0xc7]HA[0x14][0x9][0xb4][0xba][0x8][0xc8][0xc]4[0xc0][0x9][0xcd][0xcf][0x83][0xc7][0xe3]H[0x83][0xca][0xf0]5[0xe1][0xd0]u=[0xa0]##J0[0xf][0xb9]pI-N-[0x2][0xed][0xec]+[0x84][0xed][0x82][0xcb]K[0x5][0xdd][0xea]R[0x96][0x9a][0x3].n[0xca][0xc8][0xbc][0xa5][0xc7][0xc]i$y[0x10][0x85][0xf][0xa2][0x9][0x81]\WAN[0xa4][0xc0][0xda][0xc7][\n]"
17:03:26.241 [main] DEBUG org.apache.http.wire -  << "-Q[0x80][0x4]HA~qqfni[0xb1]B.x[0xb3]~aif"[0xd2]>A[0xe2]K`[0xa4][0xa5][0x81][0xb0][0x95][0x95][0xbe][0xa9]%[0x89]9[0x90]e[0xfb][0xba][0x98][0x9d][0x4]|[0xe5][0x1c][0x91][0xf5]<R_[0x17]z[0x94][0x7][0xe6][0x11];[0x4][0x8f][0xf2]@[0x1a]2[0x1d]<[0x11][0x8a]4[0xdc]:[0x88][0x1c][0x85]h[0x86][0xd3][0xa3][0xc7]b[0x8e][0xb4]&[0x8e][0xb6][0xa5][0xbd][0xb9]![0xc6]D[0x7][0x8e]z[0x85]*k[0xa2][0xcc][0x91]V[0xd3][0xe1][0xf7][0x18][0x95][0xac]CT[0x1b]t[0xb1][0xe][0xd1][0xb1][0xc5]o[0x1d][0xa5][0xeb][0xb1][0xc0][0xb][0xa4][0xa1]u[0x15]a[0x9b][0x6][0xac][0x89]l[0x8e]t[0x19][0x1]m&[0xea][0xcc]A[[0x14][0xa0][0x1][0x81]t[0xfa]-[0xb4][0xf8][0xc7]r|+[0xf4][0xe6][0xa1][0xd4][0xd2]\[0x85][0x14][0xd0]v[0x9d][0xbc][0xe4][0x92]L[0xe4][0xa3]5@[0x9d]6bf9[0xcd][0x91]J`[0xf8][0xc0][0x1e]x[0x99]6[0xf6][0xed][0x8][0xae]y[0x99][0xb9][\n]"
17:03:26.241 [main] DEBUG org.apache.http.wire -  << "[0xa5]%[0xa0][0xa3]=[0x12]A[0xfd]#[0xa4][0x9a][0x6]4[0x7]A[0x94][0x95]Hc[0x89][0xf4][0xdf][0xe9][0xb][0xda][0xa5][0x7][\r]h[0xa4][0x95][0xf6]`[0x1f]c_[0x0][0xf][0xdf][0x84][0x9f][0x3][0xbe][0x18][0x10][0xe5][0x4][0x9c][0xe2][0xd4][0x14]h%\[0x9c][0x8a]r[0x91][0xa1][0x9]qs+[0xe6][0xa0]E[0xe0]P[0xd7][0xd0](aY 6[0x81][0xd0]+[0xb0]ck[0xb9][0x0][0x0][0x0][0x0][0xff][0xff]"
17:03:26.241 [main] DEBUG org.apache.http.wire -  << "[\r][\n]"
17:03:26.241 [main] DEBUG org.apache.http.wire -  << "A[\r][\n]"
17:03:26.241 [main] DEBUG org.apache.http.wire -  << "[0x3][0x0][0xf6][0xd5][0xd8][0xb8][0xfe])[0x2][0x0]"
17:03:26.241 [main] DEBUG org.apache.http.wire -  << "[\r][\n]"
17:03:26.241 [main] DEBUG org.apache.http.wire -  << "0[\r][\n]"
17:03:26.241 [main] DEBUG org.apache.http.wire -  << "[\r][\n]"
17:03:26.246 [main] DEBUG io.restassured.internal.RestAssuredHttpBuilder - Parsed data to instance of: class org.apache.http.conn.EofSensorInputStream
17:03:26.336 [main] DEBUG org.apache.http.impl.conn.BasicClientConnectionManager - Releasing connection org.apache.http.impl.conn.ManagedClientConnectionImpl@3a3bc0da
17:03:26.336 [main] DEBUG org.apache.http.impl.conn.BasicClientConnectionManager - Connection can be kept alive indefinitely
17:03:26.626 [main] DEBUG net.thucydides.core.steps.StepInterceptor - STEP DONE: I send HTTP GET request
  &amp#27;[32mWhen &amp#27;[0m&amp#27;[32mI send GET HTTP request&amp#27;[0m                             &amp#27;[90m# starter.stepdefinitions.UserSteps.iSendGETHTTPRequest()&amp#27;[0m
17:03:26.636 [main] DEBUG net.thucydides.core.steps.StepInterceptor - STARTING STEP: UserSteps.iReceiveValidHTTPResponseCode - I receive valids HTTP response code 200
17:03:26.673 [main] DEBUG net.thucydides.core.steps.StepInterceptor - STEP DONE: I receive valids HTTP response code 200
  &amp#27;[32mThen &amp#27;[0m&amp#27;[32mI receive valid HTTP response code 200&amp#27;[0m              &amp#27;[90m# starter.stepdefinitions.UserSteps.iReceiveValidHTTPResponseCode()&amp#27;[0m
17:03:26.676 [main] DEBUG net.thucydides.core.steps.StepInterceptor - STARTING STEP: UserSteps.iReceiveValidDataForOneDetailProduct - I receive valid data for one detail product
17:03:26.676 [main] DEBUG net.thucydides.core.steps.StepInterceptor - STEP DONE: I receive valid data for one detail product
  &amp#27;[32mAnd &amp#27;[0m&amp#27;[32mI receive valid data for one detail product&amp#27;[0m          &amp#27;[90m# starter.stepdefinitions.UserSteps.iReceiveValidDataForOneDetailProduct()&amp#27;[0m
17:03:26.681 [main] INFO  - 
  _____   ___   ___   _____     ___     _     ___   ___   ___   ___  
 |_   _| | __| / __| |_   _|   | _ \   /_\   / __| / __| | __| |   \ 
   | |   | _|  \__ \   | |     |  _/  / _ \  \__ \ \__ \ | _|  | |) |
   |_|   |___| |___/   |_|     |_|   /_/ \_\ |___/ |___/ |___| |___/ 

GET - As admin I can get one detail product data
----------------------------------------------------------------------
]]></system-out>
  </testcase>
</testsuite>